0 LeftWheel 0 -100
1 LeftWheel
2 0
3 -100
0 RightWheel 0 100
1 RightWheel
2 0
3 100
*****EMBODIED*****
Total number of resources from config file: 50
The mass of resource 1 is: 0.010008
The mass of resource 2 is: 0.010008
The mass of resource 3 is: 0.010008
The mass of resource 4 is: 0.010008
The mass of resource 5 is: 0.010008
The mass of resource 6 is: 0.010008
The mass of resource 7 is: 0.010008
The mass of resource 8 is: 0.010008
The mass of resource 9 is: 0.010008
The mass of resource 10 is: 0.010008
The mass of resource 11 is: 0.010008
The mass of resource 12 is: 0.010008
The mass of resource 13 is: 0.010008
The mass of resource 14 is: 0.010008
The mass of resource 15 is: 0.010008
The mass of resource 16 is: 0.010008
The mass of resource 17 is: 0.010008
The mass of resource 18 is: 0.010008
The mass of resource 19 is: 0.010008
The mass of resource 20 is: 0.010008
The mass of resource 21 is: 0.010008
The mass of resource 22 is: 0.010008
The mass of resource 23 is: 0.010008
The mass of resource 24 is: 0.010008
The mass of resource 25 is: 0.010008
The mass of resource 26 is: 0.010008
The mass of resource 27 is: 0.010008
The mass of resource 28 is: 0.010008
The mass of resource 29 is: 0.010008
The mass of resource 30 is: 0.010008
The mass of resource 31 is: 0.024000
The mass of resource 32 is: 0.024000
The mass of resource 33 is: 0.024000
The mass of resource 34 is: 0.024000
The mass of resource 35 is: 0.024000
The mass of resource 36 is: 0.071680
The mass of resource 37 is: 0.071680
The mass of resource 38 is: 0.071680
The mass of resource 39 is: 0.071680
The mass of resource 40 is: 0.071680
The mass of resource 41 is: 0.128000
The mass of resource 42 is: 0.128000
The mass of resource 43 is: 0.128000
The mass of resource 44 is: 0.128000
The mass of resource 45 is: 0.128000
The mass of resource 46 is: 0.207360
The mass of resource 47 is: 0.207360
The mass of resource 48 is: 0.207360
The mass of resource 49 is: 0.207360
The mass of resource 50 is: 0.207360
Total number of geoms per robot space: 37
Total number of geoms in environment space: 55
Total number of geoms in odeSpace: 102
[ gen:0	it:9999	pop:100	minFitness:0	maxFitness:94.7368	avgFitness:8.84782	t1: 18(0.9)	t2: 2(0.1)	t3: 0(0)	t4: 0(0)	t5: 0(0) ]
******************************************************
Lifetime ended: replace genome (if possible)
******************************************************
**********************************************
Done. Replace life iteration: 10000
***********************************************
[ gen:1	it:19999	pop:100	minFitness:0	maxFitness:34.2105	avgFitness:1.36842	t1: 5(1)	t2: 0(0)	t3: 0(0)	t4: 0(0)	t5: 0(0) ]
******************************************************
Lifetime ended: replace genome (if possible)
******************************************************
**********************************************
Done. Replace life iteration: 20000
***********************************************
[ gen:2	it:29999	pop:100	minFitness:0	maxFitness:34.2105	avgFitness:1.71053	t1: 0(0)	t2: 3(0.5)	t3: 3(0.5)	t4: 0(0)	t5: 0(0) ]
******************************************************
Lifetime ended: replace genome (if possible)
******************************************************
**********************************************
Done. Replace life iteration: 30000
***********************************************
[ gen:3	it:39999	pop:100	minFitness:0	maxFitness:34.2105	avgFitness:2.05263	t1: 3(0.333333)	t2: 3(0.333333)	t3: 3(0.333333)	t4: 0(0)	t5: 0(0) ]
******************************************************
Lifetime ended: replace genome (if possible)
******************************************************
**********************************************
Done. Replace life iteration: 40000
***********************************************
[ gen:4	it:49999	pop:100	minFitness:0	maxFitness:34.2105	avgFitness:0.342105	t1: 1(1)	t2: 0(0)	t3: 0(0)	t4: 0(0)	t5: 0(0) ]
******************************************************
Lifetime ended: replace genome (if possible)
******************************************************
**********************************************
Done. Replace life iteration: 50000
***********************************************
[ gen:5	it:59999	pop:100	minFitness:0	maxFitness:0	avgFitness:0	t1: 0(-nan)	t2: 0(-nan)	t3: 0(-nan)	t4: 0(-nan)	t5: 0(-nan) ]
******************************************************
Lifetime ended: replace genome (if possible)
******************************************************
**********************************************
Done. Replace life iteration: 60000
***********************************************
[ gen:6	it:69999	pop:100	minFitness:0	maxFitness:34.2105	avgFitness:0.342105	t1: 1(1)	t2: 0(0)	t3: 0(0)	t4: 0(0)	t5: 0(0) ]
******************************************************
Lifetime ended: replace genome (if possible)
******************************************************
**********************************************
Done. Replace life iteration: 70000
***********************************************
[ gen:7	it:79999	pop:100	minFitness:0	maxFitness:0	avgFitness:0	t1: 0(-nan)	t2: 0(-nan)	t3: 0(-nan)	t4: 0(-nan)	t5: 0(-nan) ]
******************************************************
Lifetime ended: replace genome (if possible)
******************************************************
**********************************************
Done. Replace life iteration: 80000
***********************************************
[ gen:8	it:89999	pop:100	minFitness:0	maxFitness:0	avgFitness:0	t1: 0(-nan)	t2: 0(-nan)	t3: 0(-nan)	t4: 0(-nan)	t5: 0(-nan) ]
******************************************************
Lifetime ended: replace genome (if possible)
******************************************************
**********************************************
Done. Replace life iteration: 90000
***********************************************
[ gen:9	it:99999	pop:100	minFitness:0	maxFitness:0	avgFitness:0	t1: 0(-nan)	t2: 0(-nan)	t3: 0(-nan)	t4: 0(-nan)	t5: 0(-nan) ]
******************************************************
Lifetime ended: replace genome (if possible)
******************************************************
**********************************************
Done. Replace life iteration: 100000
***********************************************
[ gen:10	it:109999	pop:100	minFitness:0	maxFitness:34.2105	avgFitness:0.342105	t1: 1(1)	t2: 0(0)	t3: 0(0)	t4: 0(0)	t5: 0(0) ]
******************************************************
Lifetime ended: replace genome (if possible)
******************************************************
**********************************************
Done. Replace life iteration: 110000
***********************************************
[ gen:11	it:119999	pop:100	minFitness:0	maxFitness:34.2105	avgFitness:1.02632	t1: 1(0.333333)	t2: 2(0.666667)	t3: 0(0)	t4: 0(0)	t5: 0(0) ]
******************************************************
Lifetime ended: replace genome (if possible)
******************************************************
**********************************************
Done. Replace life iteration: 120000
***********************************************
[ gen:12	it:129999	pop:100	minFitness:0	maxFitness:0	avgFitness:0	t1: 0(-nan)	t2: 0(-nan)	t3: 0(-nan)	t4: 0(-nan)	t5: 0(-nan) ]
******************************************************
Lifetime ended: replace genome (if possible)
******************************************************
**********************************************
Done. Replace life iteration: 130000
***********************************************
[ gen:13	it:139999	pop:100	minFitness:0	maxFitness:34.2105	avgFitness:0.342105	t1: 1(1)	t2: 0(0)	t3: 0(0)	t4: 0(0)	t5: 0(0) ]
******************************************************
Lifetime ended: replace genome (if possible)
******************************************************
**********************************************
Done. Replace life iteration: 140000
***********************************************
[ gen:14	it:149999	pop:100	minFitness:0	maxFitness:0	avgFitness:0	t1: 0(-nan)	t2: 0(-nan)	t3: 0(-nan)	t4: 0(-nan)	t5: 0(-nan) ]
******************************************************
Lifetime ended: replace genome (if possible)
******************************************************
**********************************************
Done. Replace life iteration: 150000
***********************************************
[ gen:15	it:159999	pop:100	minFitness:0	maxFitness:34.2105	avgFitness:1.16806	t1: 0(0)	t2: 0(0)	t3: 0(0)	t4: 4(1)	t5: 0(0) ]
******************************************************
Lifetime ended: replace genome (if possible)
******************************************************
**********************************************
Done. Replace life iteration: 160000
***********************************************
[ gen:16	it:169999	pop:100	minFitness:0	maxFitness:0	avgFitness:0	t1: 0(-nan)	t2: 0(-nan)	t3: 0(-nan)	t4: 0(-nan)	t5: 0(-nan) ]
******************************************************
Lifetime ended: replace genome (if possible)
******************************************************
**********************************************
Done. Replace life iteration: 170000
***********************************************
[ gen:17	it:179999	pop:100	minFitness:0	maxFitness:34.2105	avgFitness:0.342105	t1: 1(1)	t2: 0(0)	t3: 0(0)	t4: 0(0)	t5: 0(0) ]
******************************************************
Lifetime ended: replace genome (if possible)
******************************************************
**********************************************
Done. Replace life iteration: 180000
***********************************************
[ gen:18	it:189999	pop:100	minFitness:0	maxFitness:0	avgFitness:0	t1: 0(0)	t2: 0(0)	t3: 0(0)	t4: 0(0)	t5: 10(1) ]
******************************************************
Lifetime ended: replace genome (if possible)
******************************************************
**********************************************
Done. Replace life iteration: 190000
***********************************************
[ gen:19	it:199999	pop:100	minFitness:0	maxFitness:0	avgFitness:0	t1: 0(-nan)	t2: 0(-nan)	t3: 0(-nan)	t4: 0(-nan)	t5: 0(-nan) ]
******************************************************
Lifetime ended: replace genome (if possible)
******************************************************
**********************************************
Done. Replace life iteration: 200000
***********************************************
[ gen:20	it:209999	pop:100	minFitness:0	maxFitness:0	avgFitness:0	t1: 0(-nan)	t2: 0(-nan)	t3: 0(-nan)	t4: 0(-nan)	t5: 0(-nan) ]
******************************************************
Lifetime ended: replace genome (if possible)
******************************************************
**********************************************
Done. Replace life iteration: 210000
***********************************************
[ gen:21	it:219999	pop:100	minFitness:0	maxFitness:0	avgFitness:0	t1: 0(-nan)	t2: 0(-nan)	t3: 0(-nan)	t4: 0(-nan)	t5: 0(-nan) ]
******************************************************
Lifetime ended: replace genome (if possible)
******************************************************
**********************************************
Done. Replace life iteration: 220000
***********************************************
[ gen:22	it:229999	pop:100	minFitness:0	maxFitness:0	avgFitness:0	t1: 0(-nan)	t2: 0(-nan)	t3: 0(-nan)	t4: 0(-nan)	t5: 0(-nan) ]
******************************************************
Lifetime ended: replace genome (if possible)
******************************************************
**********************************************
Done. Replace life iteration: 230000
***********************************************
[ gen:23	it:239999	pop:100	minFitness:0	maxFitness:34.2105	avgFitness:0.342105	t1: 2(1)	t2: 0(0)	t3: 0(0)	t4: 0(0)	t5: 0(0) ]
******************************************************
Lifetime ended: replace genome (if possible)
******************************************************
**********************************************
Done. Replace life iteration: 240000
***********************************************
[ gen:24	it:249999	pop:100	minFitness:0	maxFitness:0	avgFitness:0	t1: 0(0)	t2: 0(0)	t3: 0(0)	t4: 0(0)	t5: 7(1) ]
******************************************************
Lifetime ended: replace genome (if possible)
******************************************************
**********************************************
Done. Replace life iteration: 250000
***********************************************
[ gen:25	it:259999	pop:100	minFitness:0	maxFitness:0	avgFitness:0	t1: 0(-nan)	t2: 0(-nan)	t3: 0(-nan)	t4: 0(-nan)	t5: 0(-nan) ]
******************************************************
Lifetime ended: replace genome (if possible)
******************************************************
**********************************************
Done. Replace life iteration: 260000
***********************************************
[ gen:26	it:269999	pop:100	minFitness:0	maxFitness:0	avgFitness:0	t1: 0(-nan)	t2: 0(-nan)	t3: 0(-nan)	t4: 0(-nan)	t5: 0(-nan) ]
******************************************************
Lifetime ended: replace genome (if possible)
******************************************************
**********************************************
Done. Replace life iteration: 270000
***********************************************
[ gen:27	it:279999	pop:100	minFitness:0	maxFitness:0	avgFitness:0	t1: 0(-nan)	t2: 0(-nan)	t3: 0(-nan)	t4: 0(-nan)	t5: 0(-nan) ]
******************************************************
Lifetime ended: replace genome (if possible)
******************************************************
**********************************************
Done. Replace life iteration: 280000
***********************************************
[ gen:28	it:289999	pop:100	minFitness:0	maxFitness:0	avgFitness:0	t1: 0(-nan)	t2: 0(-nan)	t3: 0(-nan)	t4: 0(-nan)	t5: 0(-nan) ]
******************************************************
Lifetime ended: replace genome (if possible)
******************************************************
**********************************************
Done. Replace life iteration: 290000
***********************************************
[ gen:29	it:299999	pop:100	minFitness:0	maxFitness:0	avgFitness:0	t1: 0(-nan)	t2: 0(-nan)	t3: 0(-nan)	t4: 0(-nan)	t5: 0(-nan) ]
******************************************************
Lifetime ended: replace genome (if possible)
******************************************************
**********************************************
Done. Replace life iteration: 300000
***********************************************
[ gen:30	it:309999	pop:100	minFitness:0	maxFitness:0	avgFitness:0	t1: 0(0)	t2: 2(1)	t3: 0(0)	t4: 0(0)	t5: 0(0) ]
******************************************************
Lifetime ended: replace genome (if possible)
******************************************************
**********************************************
Done. Replace life iteration: 310000
***********************************************
[ gen:31	it:319999	pop:100	minFitness:0	maxFitness:0	avgFitness:0	t1: 0(-nan)	t2: 0(-nan)	t3: 0(-nan)	t4: 0(-nan)	t5: 0(-nan) ]
******************************************************
Lifetime ended: replace genome (if possible)
******************************************************
**********************************************
Done. Replace life iteration: 320000
***********************************************
[ gen:32	it:329999	pop:100	minFitness:0	maxFitness:37.4992	avgFitness:0.374992	t1: 2(1)	t2: 0(0)	t3: 0(0)	t4: 0(0)	t5: 0(0) ]
******************************************************
Lifetime ended: replace genome (if possible)
******************************************************
**********************************************
Done. Replace life iteration: 330000
***********************************************
[ gen:33	it:339999	pop:100	minFitness:0	maxFitness:0	avgFitness:0	t1: 0(0)	t2: 0(0)	t3: 0(0)	t4: 0(0)	t5: 4(1) ]
******************************************************
Lifetime ended: replace genome (if possible)
******************************************************
**********************************************
Done. Replace life iteration: 340000
***********************************************
[ gen:34	it:349999	pop:100	minFitness:0	maxFitness:0	avgFitness:0	t1: 0(0)	t2: 0(0)	t3: 0(0)	t4: 0(0)	t5: 4(1) ]
******************************************************
Lifetime ended: replace genome (if possible)
******************************************************
**********************************************
Done. Replace life iteration: 350000
***********************************************
[ gen:35	it:359999	pop:100	minFitness:0	maxFitness:0	avgFitness:0	t1: 0(-nan)	t2: 0(-nan)	t3: 0(-nan)	t4: 0(-nan)	t5: 0(-nan) ]
******************************************************
Lifetime ended: replace genome (if possible)
******************************************************
**********************************************
Done. Replace life iteration: 360000
***********************************************
[ gen:36	it:369999	pop:100	minFitness:0	maxFitness:0	avgFitness:0	t1: 1(1)	t2: 0(0)	t3: 0(0)	t4: 0(0)	t5: 0(0) ]
******************************************************
Lifetime ended: replace genome (if possible)
******************************************************
**********************************************
Done. Replace life iteration: 370000
***********************************************
[ gen:37	it:379999	pop:100	minFitness:0	maxFitness:0	avgFitness:0	t1: 0(-nan)	t2: 0(-nan)	t3: 0(-nan)	t4: 0(-nan)	t5: 0(-nan) ]
******************************************************
Lifetime ended: replace genome (if possible)
******************************************************
**********************************************
Done. Replace life iteration: 380000
***********************************************
[ gen:38	it:389999	pop:100	minFitness:0	maxFitness:0	avgFitness:0	t1: 0(-nan)	t2: 0(-nan)	t3: 0(-nan)	t4: 0(-nan)	t5: 0(-nan) ]
******************************************************
Lifetime ended: replace genome (if possible)
******************************************************
**********************************************
Done. Replace life iteration: 390000
***********************************************
[ gen:39	it:399999	pop:100	minFitness:0	maxFitness:0	avgFitness:0	t1: 1(0.5)	t2: 1(0.5)	t3: 0(0)	t4: 0(0)	t5: 0(0) ]
******************************************************
Lifetime ended: replace genome (if possible)
******************************************************
**********************************************
Done. Replace life iteration: 400000
***********************************************
[ gen:40	it:409999	pop:100	minFitness:0	maxFitness:0	avgFitness:0	t1: 0(-nan)	t2: 0(-nan)	t3: 0(-nan)	t4: 0(-nan)	t5: 0(-nan) ]
******************************************************
Lifetime ended: replace genome (if possible)
******************************************************
**********************************************
Done. Replace life iteration: 410000
***********************************************
[ gen:41	it:419999	pop:100	minFitness:0	maxFitness:0	avgFitness:0	t1: 0(-nan)	t2: 0(-nan)	t3: 0(-nan)	t4: 0(-nan)	t5: 0(-nan) ]
******************************************************
Lifetime ended: replace genome (if possible)
******************************************************
**********************************************
Done. Replace life iteration: 420000
***********************************************
[ gen:42	it:429999	pop:100	minFitness:0	maxFitness:34.2105	avgFitness:1.71053	t1: 0(0)	t2: 0(0)	t3: 0(0)	t4: 0(0)	t5: 5(1) ]
******************************************************
Lifetime ended: replace genome (if possible)
******************************************************
**********************************************
Done. Replace life iteration: 430000
***********************************************
[ gen:43	it:439999	pop:100	minFitness:0	maxFitness:0	avgFitness:0	t1: 0(-nan)	t2: 0(-nan)	t3: 0(-nan)	t4: 0(-nan)	t5: 0(-nan) ]
******************************************************
Lifetime ended: replace genome (if possible)
******************************************************
**********************************************
Done. Replace life iteration: 440000
***********************************************
[ gen:44	it:449999	pop:100	minFitness:0	maxFitness:34.2105	avgFitness:1.71053	t1: 0(0)	t2: 1(0.166667)	t3: 0(0)	t4: 0(0)	t5: 5(0.833333) ]
******************************************************
Lifetime ended: replace genome (if possible)
******************************************************
**********************************************
Done. Replace life iteration: 450000
***********************************************
[ gen:45	it:459999	pop:100	minFitness:0	maxFitness:0	avgFitness:0	t1: 0(-nan)	t2: 0(-nan)	t3: 0(-nan)	t4: 0(-nan)	t5: 0(-nan) ]
******************************************************
Lifetime ended: replace genome (if possible)
******************************************************
**********************************************
Done. Replace life iteration: 460000
***********************************************
[ gen:46	it:469999	pop:100	minFitness:0	maxFitness:0	avgFitness:0	t1: 0(-nan)	t2: 0(-nan)	t3: 0(-nan)	t4: 0(-nan)	t5: 0(-nan) ]
******************************************************
Lifetime ended: replace genome (if possible)
******************************************************
**********************************************
Done. Replace life iteration: 470000
***********************************************
[ gen:47	it:479999	pop:100	minFitness:0	maxFitness:0	avgFitness:0	t1: 0(0)	t2: 2(1)	t3: 0(0)	t4: 0(0)	t5: 0(0) ]
******************************************************
Lifetime ended: replace genome (if possible)
******************************************************
**********************************************
Done. Replace life iteration: 480000
***********************************************
[ gen:48	it:489999	pop:100	minFitness:0	maxFitness:0	avgFitness:0	t1: 0(-nan)	t2: 0(-nan)	t3: 0(-nan)	t4: 0(-nan)	t5: 0(-nan) ]
******************************************************
Lifetime ended: replace genome (if possible)
******************************************************
**********************************************
Done. Replace life iteration: 490000
***********************************************
[ gen:49	it:499999	pop:100	minFitness:0	maxFitness:0	avgFitness:0	t1: 0(-nan)	t2: 0(-nan)	t3: 0(-nan)	t4: 0(-nan)	t5: 0(-nan) ]
******************************************************
Lifetime ended: replace genome (if possible)
******************************************************
**********************************************
Done. Replace life iteration: 500000
***********************************************
[ gen:50	it:509999	pop:100	minFitness:0	maxFitness:0	avgFitness:0	t1: 0(-nan)	t2: 0(-nan)	t3: 0(-nan)	t4: 0(-nan)	t5: 0(-nan) ]
******************************************************
Lifetime ended: replace genome (if possible)
******************************************************
**********************************************
Done. Replace life iteration: 510000
***********************************************
[ gen:51	it:519999	pop:100	minFitness:0	maxFitness:0	avgFitness:0	t1: 0(-nan)	t2: 0(-nan)	t3: 0(-nan)	t4: 0(-nan)	t5: 0(-nan) ]
******************************************************
Lifetime ended: replace genome (if possible)
******************************************************
**********************************************
Done. Replace life iteration: 520000
***********************************************
[ gen:52	it:529999	pop:100	minFitness:0	maxFitness:0	avgFitness:0	t1: 0(-nan)	t2: 0(-nan)	t3: 0(-nan)	t4: 0(-nan)	t5: 0(-nan) ]
******************************************************
Lifetime ended: replace genome (if possible)
******************************************************
**********************************************
Done. Replace life iteration: 530000
***********************************************
[ gen:53	it:539999	pop:100	minFitness:0	maxFitness:0	avgFitness:0	t1: 0(-nan)	t2: 0(-nan)	t3: 0(-nan)	t4: 0(-nan)	t5: 0(-nan) ]
******************************************************
Lifetime ended: replace genome (if possible)
******************************************************
**********************************************
Done. Replace life iteration: 540000
***********************************************
[ gen:54	it:549999	pop:100	minFitness:0	maxFitness:0	avgFitness:0	t1: 0(-nan)	t2: 0(-nan)	t3: 0(-nan)	t4: 0(-nan)	t5: 0(-nan) ]
******************************************************
Lifetime ended: replace genome (if possible)
******************************************************
**********************************************
Done. Replace life iteration: 550000
***********************************************
[ gen:55	it:559999	pop:100	minFitness:0	maxFitness:0	avgFitness:0	t1: 0(-nan)	t2: 0(-nan)	t3: 0(-nan)	t4: 0(-nan)	t5: 0(-nan) ]
******************************************************
Lifetime ended: replace genome (if possible)
******************************************************
**********************************************
Done. Replace life iteration: 560000
***********************************************
[ gen:56	it:569999	pop:100	minFitness:0	maxFitness:0	avgFitness:0	t1: 0(-nan)	t2: 0(-nan)	t3: 0(-nan)	t4: 0(-nan)	t5: 0(-nan) ]
******************************************************
Lifetime ended: replace genome (if possible)
******************************************************
**********************************************
Done. Replace life iteration: 570000
***********************************************
[ gen:57	it:579999	pop:100	minFitness:0	maxFitness:0	avgFitness:0	t1: 0(-nan)	t2: 0(-nan)	t3: 0(-nan)	t4: 0(-nan)	t5: 0(-nan) ]
******************************************************
Lifetime ended: replace genome (if possible)
******************************************************
**********************************************
Done. Replace life iteration: 580000
***********************************************
[ gen:58	it:589999	pop:100	minFitness:0	maxFitness:0	avgFitness:0	t1: 0(-nan)	t2: 0(-nan)	t3: 0(-nan)	t4: 0(-nan)	t5: 0(-nan) ]
******************************************************
Lifetime ended: replace genome (if possible)
******************************************************
**********************************************
Done. Replace life iteration: 590000
***********************************************
[ gen:59	it:599999	pop:100	minFitness:0	maxFitness:0	avgFitness:0	t1: 0(-nan)	t2: 0(-nan)	t3: 0(-nan)	t4: 0(-nan)	t5: 0(-nan) ]
******************************************************
Lifetime ended: replace genome (if possible)
******************************************************
**********************************************
Done. Replace life iteration: 600000
***********************************************
[ gen:60	it:609999	pop:100	minFitness:0	maxFitness:0	avgFitness:0	t1: 0(-nan)	t2: 0(-nan)	t3: 0(-nan)	t4: 0(-nan)	t5: 0(-nan) ]
******************************************************
Lifetime ended: replace genome (if possible)
******************************************************
**********************************************
Done. Replace life iteration: 610000
***********************************************
[ gen:61	it:619999	pop:100	minFitness:0	maxFitness:0	avgFitness:0	t1: 0(-nan)	t2: 0(-nan)	t3: 0(-nan)	t4: 0(-nan)	t5: 0(-nan) ]
******************************************************
Lifetime ended: replace genome (if possible)
******************************************************
**********************************************
Done. Replace life iteration: 620000
***********************************************
[ gen:62	it:629999	pop:100	minFitness:0	maxFitness:0	avgFitness:0	t1: 0(-nan)	t2: 0(-nan)	t3: 0(-nan)	t4: 0(-nan)	t5: 0(-nan) ]
******************************************************
Lifetime ended: replace genome (if possible)
******************************************************
**********************************************
Done. Replace life iteration: 630000
***********************************************
[ gen:63	it:639999	pop:100	minFitness:0	maxFitness:0	avgFitness:0	t1: 0(-nan)	t2: 0(-nan)	t3: 0(-nan)	t4: 0(-nan)	t5: 0(-nan) ]
******************************************************
Lifetime ended: replace genome (if possible)
******************************************************
**********************************************
Done. Replace life iteration: 640000
***********************************************
[ gen:64	it:649999	pop:100	minFitness:0	maxFitness:0	avgFitness:0	t1: 0(-nan)	t2: 0(-nan)	t3: 0(-nan)	t4: 0(-nan)	t5: 0(-nan) ]
******************************************************
Lifetime ended: replace genome (if possible)
******************************************************
**********************************************
Done. Replace life iteration: 650000
***********************************************
[ gen:65	it:659999	pop:100	minFitness:0	maxFitness:0	avgFitness:0	t1: 0(-nan)	t2: 0(-nan)	t3: 0(-nan)	t4: 0(-nan)	t5: 0(-nan) ]
******************************************************
Lifetime ended: replace genome (if possible)
******************************************************
**********************************************
Done. Replace life iteration: 660000
***********************************************
[ gen:66	it:669999	pop:100	minFitness:0	maxFitness:0	avgFitness:0	t1: 0(-nan)	t2: 0(-nan)	t3: 0(-nan)	t4: 0(-nan)	t5: 0(-nan) ]
******************************************************
Lifetime ended: replace genome (if possible)
******************************************************
**********************************************
Done. Replace life iteration: 670000
***********************************************
[ gen:67	it:679999	pop:100	minFitness:0	maxFitness:0	avgFitness:0	t1: 0(-nan)	t2: 0(-nan)	t3: 0(-nan)	t4: 0(-nan)	t5: 0(-nan) ]
******************************************************
Lifetime ended: replace genome (if possible)
******************************************************
**********************************************
Done. Replace life iteration: 680000
***********************************************
[ gen:68	it:689999	pop:100	minFitness:0	maxFitness:43.7487	avgFitness:0.437487	t1: 3(1)	t2: 0(0)	t3: 0(0)	t4: 0(0)	t5: 0(0) ]
******************************************************
Lifetime ended: replace genome (if possible)
******************************************************
**********************************************
Done. Replace life iteration: 690000
***********************************************
[ gen:69	it:699999	pop:100	minFitness:0	maxFitness:0	avgFitness:0	t1: 0(-nan)	t2: 0(-nan)	t3: 0(-nan)	t4: 0(-nan)	t5: 0(-nan) ]
******************************************************
Lifetime ended: replace genome (if possible)
******************************************************
**********************************************
Done. Replace life iteration: 700000
***********************************************
[ gen:70	it:709999	pop:100	minFitness:0	maxFitness:0	avgFitness:0	t1: 0(-nan)	t2: 0(-nan)	t3: 0(-nan)	t4: 0(-nan)	t5: 0(-nan) ]
******************************************************
Lifetime ended: replace genome (if possible)
******************************************************
**********************************************
Done. Replace life iteration: 710000
***********************************************
[ gen:71	it:719999	pop:100	minFitness:0	maxFitness:0	avgFitness:0	t1: 0(-nan)	t2: 0(-nan)	t3: 0(-nan)	t4: 0(-nan)	t5: 0(-nan) ]
******************************************************
Lifetime ended: replace genome (if possible)
******************************************************
**********************************************
Done. Replace life iteration: 720000
***********************************************
[ gen:72	it:729999	pop:100	minFitness:0	maxFitness:0	avgFitness:0	t1: 0(-nan)	t2: 0(-nan)	t3: 0(-nan)	t4: 0(-nan)	t5: 0(-nan) ]
******************************************************
Lifetime ended: replace genome (if possible)
******************************************************
**********************************************
Done. Replace life iteration: 730000
***********************************************
[ gen:73	it:739999	pop:100	minFitness:0	maxFitness:0	avgFitness:0	t1: 0(-nan)	t2: 0(-nan)	t3: 0(-nan)	t4: 0(-nan)	t5: 0(-nan) ]
******************************************************
Lifetime ended: replace genome (if possible)
******************************************************
**********************************************
Done. Replace life iteration: 740000
***********************************************
[ gen:74	it:749999	pop:100	minFitness:0	maxFitness:0	avgFitness:0	t1: 0(-nan)	t2: 0(-nan)	t3: 0(-nan)	t4: 0(-nan)	t5: 0(-nan) ]
******************************************************
Lifetime ended: replace genome (if possible)
******************************************************
**********************************************
Done. Replace life iteration: 750000
***********************************************
[ gen:75	it:759999	pop:100	minFitness:0	maxFitness:0	avgFitness:0	t1: 0(-nan)	t2: 0(-nan)	t3: 0(-nan)	t4: 0(-nan)	t5: 0(-nan) ]
******************************************************
Lifetime ended: replace genome (if possible)
******************************************************
**********************************************
Done. Replace life iteration: 760000
***********************************************
[ gen:76	it:769999	pop:100	minFitness:0	maxFitness:0	avgFitness:0	t1: 0(-nan)	t2: 0(-nan)	t3: 0(-nan)	t4: 0(-nan)	t5: 0(-nan) ]
******************************************************
Lifetime ended: replace genome (if possible)
******************************************************
**********************************************
Done. Replace life iteration: 770000
***********************************************
[ gen:77	it:779999	pop:100	minFitness:0	maxFitness:0	avgFitness:0	t1: 0(-nan)	t2: 0(-nan)	t3: 0(-nan)	t4: 0(-nan)	t5: 0(-nan) ]
******************************************************
Lifetime ended: replace genome (if possible)
******************************************************
**********************************************
Done. Replace life iteration: 780000
***********************************************
[ gen:78	it:789999	pop:100	minFitness:0	maxFitness:0	avgFitness:0	t1: 0(-nan)	t2: 0(-nan)	t3: 0(-nan)	t4: 0(-nan)	t5: 0(-nan) ]
******************************************************
Lifetime ended: replace genome (if possible)
******************************************************
**********************************************
Done. Replace life iteration: 790000
***********************************************
[ gen:79	it:799999	pop:100	minFitness:0	maxFitness:0	avgFitness:0	t1: 0(-nan)	t2: 0(-nan)	t3: 0(-nan)	t4: 0(-nan)	t5: 0(-nan) ]
******************************************************
Lifetime ended: replace genome (if possible)
******************************************************
**********************************************
Done. Replace life iteration: 800000
***********************************************
[ gen:80	it:809999	pop:100	minFitness:0	maxFitness:0	avgFitness:0	t1: 0(-nan)	t2: 0(-nan)	t3: 0(-nan)	t4: 0(-nan)	t5: 0(-nan) ]
******************************************************
Lifetime ended: replace genome (if possible)
******************************************************
**********************************************
Done. Replace life iteration: 810000
***********************************************
[ gen:81	it:819999	pop:100	minFitness:0	maxFitness:0	avgFitness:0	t1: 0(-nan)	t2: 0(-nan)	t3: 0(-nan)	t4: 0(-nan)	t5: 0(-nan) ]
******************************************************
Lifetime ended: replace genome (if possible)
******************************************************
**********************************************
Done. Replace life iteration: 820000
***********************************************
[ gen:82	it:829999	pop:100	minFitness:0	maxFitness:0	avgFitness:0	t1: 0(-nan)	t2: 0(-nan)	t3: 0(-nan)	t4: 0(-nan)	t5: 0(-nan) ]
******************************************************
Lifetime ended: replace genome (if possible)
******************************************************
**********************************************
Done. Replace life iteration: 830000
***********************************************
[ gen:83	it:839999	pop:100	minFitness:0	maxFitness:0	avgFitness:0	t1: 0(-nan)	t2: 0(-nan)	t3: 0(-nan)	t4: 0(-nan)	t5: 0(-nan) ]
******************************************************
Lifetime ended: replace genome (if possible)
******************************************************
**********************************************
Done. Replace life iteration: 840000
***********************************************
[ gen:84	it:849999	pop:100	minFitness:0	maxFitness:34.2105	avgFitness:1.02632	t1: 0(0)	t2: 0(0)	t3: 3(1)	t4: 0(0)	t5: 0(0) ]
******************************************************
Lifetime ended: replace genome (if possible)
******************************************************
**********************************************
Done. Replace life iteration: 850000
***********************************************
[ gen:85	it:859999	pop:100	minFitness:0	maxFitness:0	avgFitness:0	t1: 0(-nan)	t2: 0(-nan)	t3: 0(-nan)	t4: 0(-nan)	t5: 0(-nan) ]
******************************************************
Lifetime ended: replace genome (if possible)
******************************************************
**********************************************
Done. Replace life iteration: 860000
***********************************************
[ gen:86	it:869999	pop:100	minFitness:0	maxFitness:0	avgFitness:0	t1: 0(-nan)	t2: 0(-nan)	t3: 0(-nan)	t4: 0(-nan)	t5: 0(-nan) ]
******************************************************
Lifetime ended: replace genome (if possible)
******************************************************
**********************************************
Done. Replace life iteration: 870000
***********************************************
[ gen:87	it:879999	pop:100	minFitness:0	maxFitness:0	avgFitness:0	t1: 0(0)	t2: 1(1)	t3: 0(0)	t4: 0(0)	t5: 0(0) ]
******************************************************
Lifetime ended: replace genome (if possible)
******************************************************
**********************************************
Done. Replace life iteration: 880000
***********************************************
[ gen:88	it:889999	pop:100	minFitness:0	maxFitness:0	avgFitness:0	t1: 0(-nan)	t2: 0(-nan)	t3: 0(-nan)	t4: 0(-nan)	t5: 0(-nan) ]
******************************************************
Lifetime ended: replace genome (if possible)
******************************************************
**********************************************
Done. Replace life iteration: 890000
***********************************************
[ gen:89	it:899999	pop:100	minFitness:0	maxFitness:0	avgFitness:0	t1: 0(-nan)	t2: 0(-nan)	t3: 0(-nan)	t4: 0(-nan)	t5: 0(-nan) ]
******************************************************
Lifetime ended: replace genome (if possible)
******************************************************
**********************************************
Done. Replace life iteration: 900000
***********************************************
[ gen:90	it:909999	pop:100	minFitness:0	maxFitness:0	avgFitness:0	t1: 0(0)	t2: 0(0)	t3: 0(0)	t4: 2(1)	t5: 0(0) ]
******************************************************
Lifetime ended: replace genome (if possible)
******************************************************
**********************************************
Done. Replace life iteration: 910000
***********************************************
[ gen:91	it:919999	pop:100	minFitness:0	maxFitness:0	avgFitness:0	t1: 0(-nan)	t2: 0(-nan)	t3: 0(-nan)	t4: 0(-nan)	t5: 0(-nan) ]
******************************************************
Lifetime ended: replace genome (if possible)
******************************************************
**********************************************
Done. Replace life iteration: 920000
***********************************************
[ gen:92	it:929999	pop:100	minFitness:0	maxFitness:0	avgFitness:0	t1: 0(-nan)	t2: 0(-nan)	t3: 0(-nan)	t4: 0(-nan)	t5: 0(-nan) ]
******************************************************
Lifetime ended: replace genome (if possible)
******************************************************
**********************************************
Done. Replace life iteration: 930000
***********************************************
[ gen:93	it:939999	pop:100	minFitness:0	maxFitness:0	avgFitness:0	t1: 0(-nan)	t2: 0(-nan)	t3: 0(-nan)	t4: 0(-nan)	t5: 0(-nan) ]
******************************************************
Lifetime ended: replace genome (if possible)
******************************************************
**********************************************
Done. Replace life iteration: 940000
***********************************************
[ gen:94	it:949999	pop:100	minFitness:0	maxFitness:0	avgFitness:0	t1: 0(-nan)	t2: 0(-nan)	t3: 0(-nan)	t4: 0(-nan)	t5: 0(-nan) ]
******************************************************
Lifetime ended: replace genome (if possible)
******************************************************
**********************************************
Done. Replace life iteration: 950000
***********************************************
[ gen:95	it:959999	pop:100	minFitness:0	maxFitness:0	avgFitness:0	t1: 0(-nan)	t2: 0(-nan)	t3: 0(-nan)	t4: 0(-nan)	t5: 0(-nan) ]
******************************************************
Lifetime ended: replace genome (if possible)
******************************************************
**********************************************
Done. Replace life iteration: 960000
***********************************************
[ gen:96	it:969999	pop:100	minFitness:0	maxFitness:0	avgFitness:0	t1: 0(-nan)	t2: 0(-nan)	t3: 0(-nan)	t4: 0(-nan)	t5: 0(-nan) ]
******************************************************
Lifetime ended: replace genome (if possible)
******************************************************
**********************************************
Done. Replace life iteration: 970000
***********************************************
[ gen:97	it:979999	pop:100	minFitness:0	maxFitness:0	avgFitness:0	t1: 0(-nan)	t2: 0(-nan)	t3: 0(-nan)	t4: 0(-nan)	t5: 0(-nan) ]
******************************************************
Lifetime ended: replace genome (if possible)
******************************************************
**********************************************
Done. Replace life iteration: 980000
***********************************************
[ gen:98	it:989999	pop:100	minFitness:0	maxFitness:0	avgFitness:0	t1: 0(-nan)	t2: 0(-nan)	t3: 0(-nan)	t4: 0(-nan)	t5: 0(-nan) ]
******************************************************
Lifetime ended: replace genome (if possible)
******************************************************
**********************************************
Done. Replace life iteration: 990000
***********************************************
[ gen:99	it:999999	pop:100	minFitness:0	maxFitness:0	avgFitness:0	t1: 0(-nan)	t2: 0(-nan)	t3: 0(-nan)	t4: 0(-nan)	t5: 0(-nan) ]

[timestamp::start] 20220820-02h14m37s392774us
[timestamp::stop ] 20220820-23h14m12s338004us
[Chronometer] 20 hour(s), 59 minutes(s), 35 seconds.

