0 LeftWheel 0 -100
1 LeftWheel
2 0
3 -100
0 RightWheel 0 100
1 RightWheel
2 0
3 100
*****EMBODIED*****
Total number of resources from config file: 50
The mass of resource 1 is: 0.010008
The mass of resource 2 is: 0.010008
The mass of resource 3 is: 0.010008
The mass of resource 4 is: 0.010008
The mass of resource 5 is: 0.010008
The mass of resource 6 is: 0.024000
The mass of resource 7 is: 0.024000
The mass of resource 8 is: 0.024000
The mass of resource 9 is: 0.024000
The mass of resource 10 is: 0.024000
The mass of resource 11 is: 0.071680
The mass of resource 12 is: 0.071680
The mass of resource 13 is: 0.071680
The mass of resource 14 is: 0.071680
The mass of resource 15 is: 0.071680
The mass of resource 16 is: 0.128000
The mass of resource 17 is: 0.128000
The mass of resource 18 is: 0.128000
The mass of resource 19 is: 0.128000
The mass of resource 20 is: 0.128000
The mass of resource 21 is: 0.207360
The mass of resource 22 is: 0.207360
The mass of resource 23 is: 0.207360
The mass of resource 24 is: 0.207360
The mass of resource 25 is: 0.207360
The mass of resource 26 is: 0.207360
The mass of resource 27 is: 0.207360
The mass of resource 28 is: 0.207360
The mass of resource 29 is: 0.207360
The mass of resource 30 is: 0.207360
The mass of resource 31 is: 0.207360
The mass of resource 32 is: 0.207360
The mass of resource 33 is: 0.207360
The mass of resource 34 is: 0.207360
The mass of resource 35 is: 0.207360
The mass of resource 36 is: 0.207360
The mass of resource 37 is: 0.207360
The mass of resource 38 is: 0.207360
The mass of resource 39 is: 0.207360
The mass of resource 40 is: 0.207360
The mass of resource 41 is: 0.207360
The mass of resource 42 is: 0.207360
The mass of resource 43 is: 0.207360
The mass of resource 44 is: 0.207360
The mass of resource 45 is: 0.207360
The mass of resource 46 is: 0.207360
The mass of resource 47 is: 0.207360
The mass of resource 48 is: 0.207360
The mass of resource 49 is: 0.207360
The mass of resource 50 is: 0.207360
Total number of geoms per robot space: 37
Total number of geoms in environment space: 55
Total number of geoms in odeSpace: 102
[ gen:0	it:9999	pop:100	minFitness:0	maxFitness:47.3684	avgFitness:0.473684	t1: 1(1)	t2: 0(0)	t3: 0(0)	t4: 0(0)	t5: 0(0) ]
******************************************************
Lifetime ended: replace genome (if possible)
******************************************************
Dice value: 0.92
**********************************************
Done. Replace life iteration: 10000
***********************************************
[ gen:1	it:19999	pop:100	minFitness:0	maxFitness:34.2105	avgFitness:0.684211	t1: 0(0)	t2: 2(0.666667)	t3: 0(0)	t4: 0(0)	t5: 1(0.333333) ]
******************************************************
Lifetime ended: replace genome (if possible)
******************************************************
Dice value: 0.48
**********************************************
Done. Replace life iteration: 20000
***********************************************
[ gen:2	it:29999	pop:100	minFitness:0	maxFitness:0	avgFitness:0	t1: 0(-nan)	t2: 0(-nan)	t3: 0(-nan)	t4: 0(-nan)	t5: 0(-nan) ]
******************************************************
Lifetime ended: replace genome (if possible)
******************************************************
Dice value: 0.99
**********************************************
Done. Replace life iteration: 30000
***********************************************
[ gen:3	it:39999	pop:100	minFitness:0	maxFitness:0	avgFitness:0	t1: 0(0)	t2: 0(0)	t3: 0(0)	t4: 0(0)	t5: 1(1) ]
******************************************************
Lifetime ended: replace genome (if possible)
******************************************************
Dice value: 0.27
New sensor 5 state value: 0.0455079
**********************************************
Done. Replace life iteration: 40000
***********************************************
[ gen:4	it:49999	pop:100	minFitness:0	maxFitness:0	avgFitness:0	t1: 0(-nan)	t2: 0(-nan)	t3: 0(-nan)	t4: 0(-nan)	t5: 0(-nan) ]
******************************************************
Lifetime ended: replace genome (if possible)
******************************************************
Dice value: 0.79
**********************************************
Done. Replace life iteration: 50000
***********************************************
[ gen:5	it:59999	pop:100	minFitness:0	maxFitness:0	avgFitness:0	t1: 0(-nan)	t2: 0(-nan)	t3: 0(-nan)	t4: 0(-nan)	t5: 0(-nan) ]
******************************************************
Lifetime ended: replace genome (if possible)
******************************************************
Dice value: 0.05
New sensor 3 state value: 0.205627
**********************************************
Done. Replace life iteration: 60000
***********************************************
[ gen:6	it:69999	pop:100	minFitness:0	maxFitness:0	avgFitness:0	t1: 0(0)	t2: 0(0)	t3: 0(0)	t4: 0(0)	t5: 1(1) ]
******************************************************
Lifetime ended: replace genome (if possible)
******************************************************
Dice value: 0.02
New sensor 3 state value: 0.270959
**********************************************
Done. Replace life iteration: 70000
***********************************************
[ gen:7	it:79999	pop:100	minFitness:0	maxFitness:0	avgFitness:0	t1: 0(0)	t2: 0(0)	t3: 0(0)	t4: 0(0)	t5: 3(1) ]
******************************************************
Lifetime ended: replace genome (if possible)
******************************************************
Dice value: 0.38
**********************************************
Done. Replace life iteration: 80000
***********************************************
[ gen:8	it:89999	pop:100	minFitness:0	maxFitness:34.2105	avgFitness:0.684211	t1: 0(0)	t2: 2(1)	t3: 0(0)	t4: 0(0)	t5: 0(0) ]
******************************************************
Lifetime ended: replace genome (if possible)
******************************************************
Dice value: 0.94
**********************************************
Done. Replace life iteration: 90000
***********************************************
[ gen:9	it:99999	pop:100	minFitness:0	maxFitness:0	avgFitness:0	t1: 0(-nan)	t2: 0(-nan)	t3: 0(-nan)	t4: 0(-nan)	t5: 0(-nan) ]
******************************************************
Lifetime ended: replace genome (if possible)
******************************************************
Dice value: 0.51
**********************************************
Done. Replace life iteration: 100000
***********************************************
[ gen:10	it:109999	pop:100	minFitness:0	maxFitness:0	avgFitness:0	t1: 0(-nan)	t2: 0(-nan)	t3: 0(-nan)	t4: 0(-nan)	t5: 0(-nan) ]
******************************************************
Lifetime ended: replace genome (if possible)
******************************************************
Dice value: 0.61
**********************************************
Done. Replace life iteration: 110000
***********************************************
[ gen:11	it:119999	pop:100	minFitness:0	maxFitness:0	avgFitness:0	t1: 0(-nan)	t2: 0(-nan)	t3: 0(-nan)	t4: 0(-nan)	t5: 0(-nan) ]
******************************************************
Lifetime ended: replace genome (if possible)
******************************************************
Dice value: 0.06
New sensor 3 state value: 0.200502
**********************************************
Done. Replace life iteration: 120000
***********************************************
[ gen:12	it:129999	pop:100	minFitness:0	maxFitness:0	avgFitness:0	t1: 0(0)	t2: 0(0)	t3: 0(0)	t4: 0(0)	t5: 3(1) ]
******************************************************
Lifetime ended: replace genome (if possible)
******************************************************
Dice value: 0.57
**********************************************
Done. Replace life iteration: 130000
***********************************************
[ gen:13	it:139999	pop:100	minFitness:0	maxFitness:0	avgFitness:0	t1: 0(-nan)	t2: 0(-nan)	t3: 0(-nan)	t4: 0(-nan)	t5: 0(-nan) ]
******************************************************
Lifetime ended: replace genome (if possible)
******************************************************
Dice value: 0.65
**********************************************
Done. Replace life iteration: 140000
***********************************************
[ gen:14	it:149999	pop:100	minFitness:0	maxFitness:0	avgFitness:0	t1: 0(-nan)	t2: 0(-nan)	t3: 0(-nan)	t4: 0(-nan)	t5: 0(-nan) ]
******************************************************
Lifetime ended: replace genome (if possible)
******************************************************
Dice value: 0.79
**********************************************
Done. Replace life iteration: 150000
***********************************************
[ gen:15	it:159999	pop:100	minFitness:0	maxFitness:0	avgFitness:0	t1: 0(-nan)	t2: 0(-nan)	t3: 0(-nan)	t4: 0(-nan)	t5: 0(-nan) ]
******************************************************
Lifetime ended: replace genome (if possible)
******************************************************
Dice value: 0.29
New sensor 3 state value: 0.309438
**********************************************
Done. Replace life iteration: 160000
***********************************************
[ gen:16	it:169999	pop:100	minFitness:0	maxFitness:34.2105	avgFitness:0.342105	t1: 1(1)	t2: 0(0)	t3: 0(0)	t4: 0(0)	t5: 0(0) ]
******************************************************
Lifetime ended: replace genome (if possible)
******************************************************
Dice value: 0.49
**********************************************
Done. Replace life iteration: 170000
***********************************************
[ gen:17	it:179999	pop:100	minFitness:0	maxFitness:0	avgFitness:0	t1: 0(-nan)	t2: 0(-nan)	t3: 0(-nan)	t4: 0(-nan)	t5: 0(-nan) ]
******************************************************
Lifetime ended: replace genome (if possible)
******************************************************
Dice value: 0.83
**********************************************
Done. Replace life iteration: 180000
***********************************************
[ gen:18	it:189999	pop:100	minFitness:0	maxFitness:0	avgFitness:0	t1: 0(-nan)	t2: 0(-nan)	t3: 0(-nan)	t4: 0(-nan)	t5: 0(-nan) ]
******************************************************
Lifetime ended: replace genome (if possible)
******************************************************
Dice value: 0.08
New sensor 3 state value: 0.457694
**********************************************
Done. Replace life iteration: 190000
***********************************************
[ gen:19	it:199999	pop:100	minFitness:0	maxFitness:0	avgFitness:0	t1: 0(-nan)	t2: 0(-nan)	t3: 0(-nan)	t4: 0(-nan)	t5: 0(-nan) ]
******************************************************
Lifetime ended: replace genome (if possible)
******************************************************
Dice value: 0.9
**********************************************
Done. Replace life iteration: 200000
***********************************************
[ gen:20	it:209999	pop:100	minFitness:0	maxFitness:0	avgFitness:0	t1: 0(0)	t2: 4(1)	t3: 0(0)	t4: 0(0)	t5: 0(0) ]
******************************************************
Lifetime ended: replace genome (if possible)
******************************************************
Dice value: 0.64
**********************************************
Done. Replace life iteration: 210000
***********************************************
[ gen:21	it:219999	pop:100	minFitness:0	maxFitness:0	avgFitness:0	t1: 0(-nan)	t2: 0(-nan)	t3: 0(-nan)	t4: 0(-nan)	t5: 0(-nan) ]
******************************************************
Lifetime ended: replace genome (if possible)
******************************************************
Dice value: 0.93
**********************************************
Done. Replace life iteration: 220000
***********************************************
[ gen:22	it:229999	pop:100	minFitness:0	maxFitness:34.2105	avgFitness:1.71053	t1: 0(0)	t2: 0(0)	t3: 0(0)	t4: 0(0)	t5: 7(1) ]
******************************************************
Lifetime ended: replace genome (if possible)
******************************************************
Dice value: 0.33
New sensor 3 state value: 0.36667
**********************************************
Done. Replace life iteration: 230000
***********************************************
[ gen:23	it:239999	pop:100	minFitness:0	maxFitness:0	avgFitness:0	t1: 0(-nan)	t2: 0(-nan)	t3: 0(-nan)	t4: 0(-nan)	t5: 0(-nan) ]
******************************************************
Lifetime ended: replace genome (if possible)
******************************************************
Dice value: 0.25
New sensor 4 state value: 0.0390489
**********************************************
Done. Replace life iteration: 240000
***********************************************
[ gen:24	it:249999	pop:100	minFitness:0	maxFitness:0	avgFitness:0	t1: 0(-nan)	t2: 0(-nan)	t3: 0(-nan)	t4: 0(-nan)	t5: 0(-nan) ]
******************************************************
Lifetime ended: replace genome (if possible)
******************************************************
Dice value: 0.59
**********************************************
Done. Replace life iteration: 250000
***********************************************
