Performing C SOURCE FILE Test check_c_compiler_flag_-march_merom failed with the following output:
Change Dir: /home/root07/Documents/Masters/AutoFac/robogen/build/CMakeFiles/CMakeTmp

Run Build Command:"/usr/bin/make" "cmTC_be80b/fast"
/usr/bin/make -f CMakeFiles/cmTC_be80b.dir/build.make CMakeFiles/cmTC_be80b.dir/build
make[1]: Entering directory '/home/root07/Documents/Masters/AutoFac/robogen/build/CMakeFiles/CMakeTmp'
Building C object CMakeFiles/cmTC_be80b.dir/src.c.o
/usr/bin/cc   -Dcheck_c_compiler_flag_-march_merom   -march=merom -o CMakeFiles/cmTC_be80b.dir/src.c.o   -c /home/root07/Documents/Masters/AutoFac/robogen/build/CMakeFiles/CMakeTmp/src.c
cc1: error: bad value ('merom') for '-march=' switch
cc1: note: valid arguments to '-march=' switch are: nocona core2 nehalem corei7 westmere sandybridge corei7-avx ivybridge core-avx-i haswell core-avx2 broadwell skylake skylake-avx512 bonnell atom silvermont slm knl x86-64 eden-x2 nano nano-1000 nano-2000 nano-3000 nano-x2 eden-x4 nano-x4 k8 k8-sse3 opteron opteron-sse3 athlon64 athlon64-sse3 athlon-fx amdfam10 barcelona bdver1 bdver2 bdver3 bdver4 znver1 btver1 btver2
CMakeFiles/cmTC_be80b.dir/build.make:65: recipe for target 'CMakeFiles/cmTC_be80b.dir/src.c.o' failed
make[1]: *** [CMakeFiles/cmTC_be80b.dir/src.c.o] Error 1
make[1]: Leaving directory '/home/root07/Documents/Masters/AutoFac/robogen/build/CMakeFiles/CMakeTmp'
Makefile:126: recipe for target 'cmTC_be80b/fast' failed
make: *** [cmTC_be80b/fast] Error 2

Source file was:
int main(void) { return 0; }
Performing C++ SOURCE FILE Test check_cxx_compiler_flag_-march_merom failed with the following output:
Change Dir: /home/root07/Documents/Masters/AutoFac/robogen/build/CMakeFiles/CMakeTmp

Run Build Command:"/usr/bin/make" "cmTC_baf98/fast"
/usr/bin/make -f CMakeFiles/cmTC_baf98.dir/build.make CMakeFiles/cmTC_baf98.dir/build
make[1]: Entering directory '/home/root07/Documents/Masters/AutoFac/robogen/build/CMakeFiles/CMakeTmp'
Building CXX object CMakeFiles/cmTC_baf98.dir/src.cxx.o
/usr/bin/c++    -Dcheck_cxx_compiler_flag_-march_merom   -march=merom -o CMakeFiles/cmTC_baf98.dir/src.cxx.o -c /home/root07/Documents/Masters/AutoFac/robogen/build/CMakeFiles/CMakeTmp/src.cxx
cc1plus: error: bad value ('merom') for '-march=' switch
cc1plus: note: valid arguments to '-march=' switch are: nocona core2 nehalem corei7 westmere sandybridge corei7-avx ivybridge core-avx-i haswell core-avx2 broadwell skylake skylake-avx512 bonnell atom silvermont slm knl x86-64 eden-x2 nano nano-1000 nano-2000 nano-3000 nano-x2 eden-x4 nano-x4 k8 k8-sse3 opteron opteron-sse3 athlon64 athlon64-sse3 athlon-fx amdfam10 barcelona bdver1 bdver2 bdver3 bdver4 znver1 btver1 btver2
CMakeFiles/cmTC_baf98.dir/build.make:65: recipe for target 'CMakeFiles/cmTC_baf98.dir/src.cxx.o' failed
make[1]: *** [CMakeFiles/cmTC_baf98.dir/src.cxx.o] Error 1
make[1]: Leaving directory '/home/root07/Documents/Masters/AutoFac/robogen/build/CMakeFiles/CMakeTmp'
Makefile:126: recipe for target 'cmTC_baf98/fast' failed
make: *** [cmTC_baf98/fast] Error 2

Source file was:
int main() { return 0; }
Determining if the pthread_create exist failed with the following output:
Change Dir: /home/root07/Documents/Masters/AutoFac/robogen/build/CMakeFiles/CMakeTmp

Run Build Command:"/usr/bin/make" "cmTC_c181f/fast"
/usr/bin/make -f CMakeFiles/cmTC_c181f.dir/build.make CMakeFiles/cmTC_c181f.dir/build
make[1]: Entering directory '/home/root07/Documents/Masters/AutoFac/robogen/build/CMakeFiles/CMakeTmp'
Building C object CMakeFiles/cmTC_c181f.dir/CheckSymbolExists.c.o
/usr/bin/cc   -march=core2 -msse2 -msse3 -mssse3 -mno-sse4.1 -mno-sse4.2 -mno-sse4a -mno-avx -mno-xop -mno-fma4    -o CMakeFiles/cmTC_c181f.dir/CheckSymbolExists.c.o   -c /home/root07/Documents/Masters/AutoFac/robogen/build/CMakeFiles/CMakeTmp/CheckSymbolExists.c
Linking C executable cmTC_c181f
/usr/bin/cmake -E cmake_link_script CMakeFiles/cmTC_c181f.dir/link.txt --verbose=1
/usr/bin/cc  -march=core2 -msse2 -msse3 -mssse3 -mno-sse4.1 -mno-sse4.2 -mno-sse4a -mno-avx -mno-xop -mno-fma4     -rdynamic CMakeFiles/cmTC_c181f.dir/CheckSymbolExists.c.o  -o cmTC_c181f 
CMakeFiles/cmTC_c181f.dir/CheckSymbolExists.c.o: In function `main':
CheckSymbolExists.c:(.text+0x1b): undefined reference to `pthread_create'
collect2: error: ld returned 1 exit status
CMakeFiles/cmTC_c181f.dir/build.make:97: recipe for target 'cmTC_c181f' failed
make[1]: *** [cmTC_c181f] Error 1
make[1]: Leaving directory '/home/root07/Documents/Masters/AutoFac/robogen/build/CMakeFiles/CMakeTmp'
Makefile:126: recipe for target 'cmTC_c181f/fast' failed
make: *** [cmTC_c181f/fast] Error 2

File /home/root07/Documents/Masters/AutoFac/robogen/build/CMakeFiles/CMakeTmp/CheckSymbolExists.c:
/* */
#include <pthread.h>

int main(int argc, char** argv)
{
  (void)argv;
#ifndef pthread_create
  return ((int*)(&pthread_create))[argc];
#else
  (void)argc;
  return 0;
#endif
}

Determining if the function pthread_create exists in the pthreads failed with the following output:
Change Dir: /home/root07/Documents/Masters/AutoFac/robogen/build/CMakeFiles/CMakeTmp

Run Build Command:"/usr/bin/make" "cmTC_3fdc0/fast"
/usr/bin/make -f CMakeFiles/cmTC_3fdc0.dir/build.make CMakeFiles/cmTC_3fdc0.dir/build
make[1]: Entering directory '/home/root07/Documents/Masters/AutoFac/robogen/build/CMakeFiles/CMakeTmp'
Building C object CMakeFiles/cmTC_3fdc0.dir/CheckFunctionExists.c.o
/usr/bin/cc   -march=core2 -msse2 -msse3 -mssse3 -mno-sse4.1 -mno-sse4.2 -mno-sse4a -mno-avx -mno-xop -mno-fma4 -DCHECK_FUNCTION_EXISTS=pthread_create   -o CMakeFiles/cmTC_3fdc0.dir/CheckFunctionExists.c.o   -c /usr/share/cmake-3.10/Modules/CheckFunctionExists.c
Linking C executable cmTC_3fdc0
/usr/bin/cmake -E cmake_link_script CMakeFiles/cmTC_3fdc0.dir/link.txt --verbose=1
/usr/bin/cc  -march=core2 -msse2 -msse3 -mssse3 -mno-sse4.1 -mno-sse4.2 -mno-sse4a -mno-avx -mno-xop -mno-fma4 -DCHECK_FUNCTION_EXISTS=pthread_create    -rdynamic CMakeFiles/cmTC_3fdc0.dir/CheckFunctionExists.c.o  -o cmTC_3fdc0 -lpthreads 
/usr/bin/ld: cannot find -lpthreads
collect2: error: ld returned 1 exit status
CMakeFiles/cmTC_3fdc0.dir/build.make:97: recipe for target 'cmTC_3fdc0' failed
make[1]: *** [cmTC_3fdc0] Error 1
make[1]: Leaving directory '/home/root07/Documents/Masters/AutoFac/robogen/build/CMakeFiles/CMakeTmp'
Makefile:126: recipe for target 'cmTC_3fdc0/fast' failed
make: *** [cmTC_3fdc0/fast] Error 2


Determining if the pthread_create exist failed with the following output:
Change Dir: /home/root07/Documents/Masters/AutoFac/robogen/build/CMakeFiles/CMakeTmp

Run Build Command:"/usr/bin/make" "cmTC_87163/fast"
make[1]: Entering directory '/home/root07/Documents/Masters/AutoFac/robogen/build/CMakeFiles/CMakeTmp'
/usr/bin/make -f CMakeFiles/cmTC_87163.dir/build.make CMakeFiles/cmTC_87163.dir/build
make[2]: Entering directory '/home/root07/Documents/Masters/AutoFac/robogen/build/CMakeFiles/CMakeTmp'
Building C object CMakeFiles/cmTC_87163.dir/CheckSymbolExists.c.o
/usr/bin/cc    -o CMakeFiles/cmTC_87163.dir/CheckSymbolExists.c.o   -c /home/root07/Documents/Masters/AutoFac/robogen/build/CMakeFiles/CMakeTmp/CheckSymbolExists.c
Linking C executable cmTC_87163
/usr/bin/cmake -E cmake_link_script CMakeFiles/cmTC_87163.dir/link.txt --verbose=1
/usr/bin/cc      -rdynamic CMakeFiles/cmTC_87163.dir/CheckSymbolExists.c.o  -o cmTC_87163 
CMakeFiles/cmTC_87163.dir/CheckSymbolExists.c.o: In function `main':
CheckSymbolExists.c:(.text+0x1b): undefined reference to `pthread_create'
collect2: error: ld returned 1 exit status
CMakeFiles/cmTC_87163.dir/build.make:97: recipe for target 'cmTC_87163' failed
make[2]: *** [cmTC_87163] Error 1
make[2]: Leaving directory '/home/root07/Documents/Masters/AutoFac/robogen/build/CMakeFiles/CMakeTmp'
Makefile:126: recipe for target 'cmTC_87163/fast' failed
make[1]: *** [cmTC_87163/fast] Error 2
make[1]: Leaving directory '/home/root07/Documents/Masters/AutoFac/robogen/build/CMakeFiles/CMakeTmp'

File /home/root07/Documents/Masters/AutoFac/robogen/build/CMakeFiles/CMakeTmp/CheckSymbolExists.c:
/* */
#include <pthread.h>

int main(int argc, char** argv)
{
  (void)argv;
#ifndef pthread_create
  return ((int*)(&pthread_create))[argc];
#else
  (void)argc;
  return 0;
#endif
}

Determining if the function pthread_create exists in the pthreads failed with the following output:
Change Dir: /home/root07/Documents/Masters/AutoFac/robogen/build/CMakeFiles/CMakeTmp

Run Build Command:"/usr/bin/make" "cmTC_c0ef3/fast"
make[1]: Entering directory '/home/root07/Documents/Masters/AutoFac/robogen/build/CMakeFiles/CMakeTmp'
/usr/bin/make -f CMakeFiles/cmTC_c0ef3.dir/build.make CMakeFiles/cmTC_c0ef3.dir/build
make[2]: Entering directory '/home/root07/Documents/Masters/AutoFac/robogen/build/CMakeFiles/CMakeTmp'
Building C object CMakeFiles/cmTC_c0ef3.dir/CheckFunctionExists.c.o
/usr/bin/cc   -DCHECK_FUNCTION_EXISTS=pthread_create   -o CMakeFiles/cmTC_c0ef3.dir/CheckFunctionExists.c.o   -c /usr/share/cmake-3.10/Modules/CheckFunctionExists.c
Linking C executable cmTC_c0ef3
/usr/bin/cmake -E cmake_link_script CMakeFiles/cmTC_c0ef3.dir/link.txt --verbose=1
/usr/bin/cc  -DCHECK_FUNCTION_EXISTS=pthread_create    -rdynamic CMakeFiles/cmTC_c0ef3.dir/CheckFunctionExists.c.o  -o cmTC_c0ef3 -lpthreads 
/usr/bin/ld: cannot find -lpthreads
collect2: error: ld returned 1 exit status
CMakeFiles/cmTC_c0ef3.dir/build.make:97: recipe for target 'cmTC_c0ef3' failed
make[2]: *** [cmTC_c0ef3] Error 1
make[2]: Leaving directory '/home/root07/Documents/Masters/AutoFac/robogen/build/CMakeFiles/CMakeTmp'
Makefile:126: recipe for target 'cmTC_c0ef3/fast' failed
make[1]: *** [cmTC_c0ef3/fast] Error 2
make[1]: Leaving directory '/home/root07/Documents/Masters/AutoFac/robogen/build/CMakeFiles/CMakeTmp'


Determining if the pthread_create exist failed with the following output:
Change Dir: /home/root07/Documents/Masters/AutoFac/robogen/build/CMakeFiles/CMakeTmp

Run Build Command:"/usr/bin/make" "cmTC_43779/fast"
make[1]: Entering directory '/home/root07/Documents/Masters/AutoFac/robogen/build/CMakeFiles/CMakeTmp'
/usr/bin/make -f CMakeFiles/cmTC_43779.dir/build.make CMakeFiles/cmTC_43779.dir/build
make[2]: Entering directory '/home/root07/Documents/Masters/AutoFac/robogen/build/CMakeFiles/CMakeTmp'
Building C object CMakeFiles/cmTC_43779.dir/CheckSymbolExists.c.o
/usr/bin/cc    -o CMakeFiles/cmTC_43779.dir/CheckSymbolExists.c.o   -c /home/root07/Documents/Masters/AutoFac/robogen/build/CMakeFiles/CMakeTmp/CheckSymbolExists.c
Linking C executable cmTC_43779
/usr/bin/cmake -E cmake_link_script CMakeFiles/cmTC_43779.dir/link.txt --verbose=1
/usr/bin/cc      -rdynamic CMakeFiles/cmTC_43779.dir/CheckSymbolExists.c.o  -o cmTC_43779 
CMakeFiles/cmTC_43779.dir/CheckSymbolExists.c.o: In function `main':
CheckSymbolExists.c:(.text+0x1b): undefined reference to `pthread_create'
collect2: error: ld returned 1 exit status
CMakeFiles/cmTC_43779.dir/build.make:97: recipe for target 'cmTC_43779' failed
make[2]: *** [cmTC_43779] Error 1
make[2]: Leaving directory '/home/root07/Documents/Masters/AutoFac/robogen/build/CMakeFiles/CMakeTmp'
Makefile:126: recipe for target 'cmTC_43779/fast' failed
make[1]: *** [cmTC_43779/fast] Error 2
make[1]: Leaving directory '/home/root07/Documents/Masters/AutoFac/robogen/build/CMakeFiles/CMakeTmp'

File /home/root07/Documents/Masters/AutoFac/robogen/build/CMakeFiles/CMakeTmp/CheckSymbolExists.c:
/* */
#include <pthread.h>

int main(int argc, char** argv)
{
  (void)argv;
#ifndef pthread_create
  return ((int*)(&pthread_create))[argc];
#else
  (void)argc;
  return 0;
#endif
}

Determining if the function pthread_create exists in the pthreads failed with the following output:
Change Dir: /home/root07/Documents/Masters/AutoFac/robogen/build/CMakeFiles/CMakeTmp

Run Build Command:"/usr/bin/make" "cmTC_46c6c/fast"
make[1]: Entering directory '/home/root07/Documents/Masters/AutoFac/robogen/build/CMakeFiles/CMakeTmp'
/usr/bin/make -f CMakeFiles/cmTC_46c6c.dir/build.make CMakeFiles/cmTC_46c6c.dir/build
make[2]: Entering directory '/home/root07/Documents/Masters/AutoFac/robogen/build/CMakeFiles/CMakeTmp'
Building C object CMakeFiles/cmTC_46c6c.dir/CheckFunctionExists.c.o
/usr/bin/cc   -DCHECK_FUNCTION_EXISTS=pthread_create   -o CMakeFiles/cmTC_46c6c.dir/CheckFunctionExists.c.o   -c /usr/share/cmake-3.10/Modules/CheckFunctionExists.c
Linking C executable cmTC_46c6c
/usr/bin/cmake -E cmake_link_script CMakeFiles/cmTC_46c6c.dir/link.txt --verbose=1
/usr/bin/cc  -DCHECK_FUNCTION_EXISTS=pthread_create    -rdynamic CMakeFiles/cmTC_46c6c.dir/CheckFunctionExists.c.o  -o cmTC_46c6c -lpthreads 
/usr/bin/ld: cannot find -lpthreads
collect2: error: ld returned 1 exit status
CMakeFiles/cmTC_46c6c.dir/build.make:97: recipe for target 'cmTC_46c6c' failed
make[2]: *** [cmTC_46c6c] Error 1
make[2]: Leaving directory '/home/root07/Documents/Masters/AutoFac/robogen/build/CMakeFiles/CMakeTmp'
Makefile:126: recipe for target 'cmTC_46c6c/fast' failed
make[1]: *** [cmTC_46c6c/fast] Error 2
make[1]: Leaving directory '/home/root07/Documents/Masters/AutoFac/robogen/build/CMakeFiles/CMakeTmp'


Determining if the pthread_create exist failed with the following output:
Change Dir: /home/root07/Documents/Masters/AutoFac/robogen/build/CMakeFiles/CMakeTmp

Run Build Command:"/usr/bin/make" "cmTC_af8d7/fast"
make[1]: Entering directory '/home/root07/Documents/Masters/AutoFac/robogen/build/CMakeFiles/CMakeTmp'
/usr/bin/make -f CMakeFiles/cmTC_af8d7.dir/build.make CMakeFiles/cmTC_af8d7.dir/build
make[2]: Entering directory '/home/root07/Documents/Masters/AutoFac/robogen/build/CMakeFiles/CMakeTmp'
Building C object CMakeFiles/cmTC_af8d7.dir/CheckSymbolExists.c.o
/usr/bin/cc    -o CMakeFiles/cmTC_af8d7.dir/CheckSymbolExists.c.o   -c /home/root07/Documents/Masters/AutoFac/robogen/build/CMakeFiles/CMakeTmp/CheckSymbolExists.c
Linking C executable cmTC_af8d7
/usr/bin/cmake -E cmake_link_script CMakeFiles/cmTC_af8d7.dir/link.txt --verbose=1
/usr/bin/cc      -rdynamic CMakeFiles/cmTC_af8d7.dir/CheckSymbolExists.c.o  -o cmTC_af8d7 
CMakeFiles/cmTC_af8d7.dir/CheckSymbolExists.c.o: In function `main':
CheckSymbolExists.c:(.text+0x1b): undefined reference to `pthread_create'
collect2: error: ld returned 1 exit status
CMakeFiles/cmTC_af8d7.dir/build.make:97: recipe for target 'cmTC_af8d7' failed
make[2]: *** [cmTC_af8d7] Error 1
make[2]: Leaving directory '/home/root07/Documents/Masters/AutoFac/robogen/build/CMakeFiles/CMakeTmp'
Makefile:126: recipe for target 'cmTC_af8d7/fast' failed
make[1]: *** [cmTC_af8d7/fast] Error 2
make[1]: Leaving directory '/home/root07/Documents/Masters/AutoFac/robogen/build/CMakeFiles/CMakeTmp'

File /home/root07/Documents/Masters/AutoFac/robogen/build/CMakeFiles/CMakeTmp/CheckSymbolExists.c:
/* */
#include <pthread.h>

int main(int argc, char** argv)
{
  (void)argv;
#ifndef pthread_create
  return ((int*)(&pthread_create))[argc];
#else
  (void)argc;
  return 0;
#endif
}

Determining if the function pthread_create exists in the pthreads failed with the following output:
Change Dir: /home/root07/Documents/Masters/AutoFac/robogen/build/CMakeFiles/CMakeTmp

Run Build Command:"/usr/bin/make" "cmTC_3c81e/fast"
make[1]: Entering directory '/home/root07/Documents/Masters/AutoFac/robogen/build/CMakeFiles/CMakeTmp'
/usr/bin/make -f CMakeFiles/cmTC_3c81e.dir/build.make CMakeFiles/cmTC_3c81e.dir/build
make[2]: Entering directory '/home/root07/Documents/Masters/AutoFac/robogen/build/CMakeFiles/CMakeTmp'
Building C object CMakeFiles/cmTC_3c81e.dir/CheckFunctionExists.c.o
/usr/bin/cc   -DCHECK_FUNCTION_EXISTS=pthread_create   -o CMakeFiles/cmTC_3c81e.dir/CheckFunctionExists.c.o   -c /usr/share/cmake-3.10/Modules/CheckFunctionExists.c
Linking C executable cmTC_3c81e
/usr/bin/cmake -E cmake_link_script CMakeFiles/cmTC_3c81e.dir/link.txt --verbose=1
/usr/bin/cc  -DCHECK_FUNCTION_EXISTS=pthread_create    -rdynamic CMakeFiles/cmTC_3c81e.dir/CheckFunctionExists.c.o  -o cmTC_3c81e -lpthreads 
/usr/bin/ld: cannot find -lpthreads
collect2: error: ld returned 1 exit status
CMakeFiles/cmTC_3c81e.dir/build.make:97: recipe for target 'cmTC_3c81e' failed
make[2]: *** [cmTC_3c81e] Error 1
make[2]: Leaving directory '/home/root07/Documents/Masters/AutoFac/robogen/build/CMakeFiles/CMakeTmp'
Makefile:126: recipe for target 'cmTC_3c81e/fast' failed
make[1]: *** [cmTC_3c81e/fast] Error 2
make[1]: Leaving directory '/home/root07/Documents/Masters/AutoFac/robogen/build/CMakeFiles/CMakeTmp'


Determining if the pthread_create exist failed with the following output:
Change Dir: /home/root07/Documents/Masters/AutoFac/robogen/build/CMakeFiles/CMakeTmp

Run Build Command:"/usr/bin/make" "cmTC_875ab/fast"
make[1]: Entering directory '/home/root07/Documents/Masters/AutoFac/robogen/build/CMakeFiles/CMakeTmp'
/usr/bin/make -f CMakeFiles/cmTC_875ab.dir/build.make CMakeFiles/cmTC_875ab.dir/build
make[2]: Entering directory '/home/root07/Documents/Masters/AutoFac/robogen/build/CMakeFiles/CMakeTmp'
Building C object CMakeFiles/cmTC_875ab.dir/CheckSymbolExists.c.o
/usr/bin/cc    -o CMakeFiles/cmTC_875ab.dir/CheckSymbolExists.c.o   -c /home/root07/Documents/Masters/AutoFac/robogen/build/CMakeFiles/CMakeTmp/CheckSymbolExists.c
Linking C executable cmTC_875ab
/usr/bin/cmake -E cmake_link_script CMakeFiles/cmTC_875ab.dir/link.txt --verbose=1
/usr/bin/cc      -rdynamic CMakeFiles/cmTC_875ab.dir/CheckSymbolExists.c.o  -o cmTC_875ab 
CMakeFiles/cmTC_875ab.dir/CheckSymbolExists.c.o: In function `main':
CheckSymbolExists.c:(.text+0x1b): undefined reference to `pthread_create'
collect2: error: ld returned 1 exit status
CMakeFiles/cmTC_875ab.dir/build.make:97: recipe for target 'cmTC_875ab' failed
make[2]: *** [cmTC_875ab] Error 1
make[2]: Leaving directory '/home/root07/Documents/Masters/AutoFac/robogen/build/CMakeFiles/CMakeTmp'
Makefile:126: recipe for target 'cmTC_875ab/fast' failed
make[1]: *** [cmTC_875ab/fast] Error 2
make[1]: Leaving directory '/home/root07/Documents/Masters/AutoFac/robogen/build/CMakeFiles/CMakeTmp'

File /home/root07/Documents/Masters/AutoFac/robogen/build/CMakeFiles/CMakeTmp/CheckSymbolExists.c:
/* */
#include <pthread.h>

int main(int argc, char** argv)
{
  (void)argv;
#ifndef pthread_create
  return ((int*)(&pthread_create))[argc];
#else
  (void)argc;
  return 0;
#endif
}

Determining if the function pthread_create exists in the pthreads failed with the following output:
Change Dir: /home/root07/Documents/Masters/AutoFac/robogen/build/CMakeFiles/CMakeTmp

Run Build Command:"/usr/bin/make" "cmTC_6ad54/fast"
make[1]: Entering directory '/home/root07/Documents/Masters/AutoFac/robogen/build/CMakeFiles/CMakeTmp'
/usr/bin/make -f CMakeFiles/cmTC_6ad54.dir/build.make CMakeFiles/cmTC_6ad54.dir/build
make[2]: Entering directory '/home/root07/Documents/Masters/AutoFac/robogen/build/CMakeFiles/CMakeTmp'
Building C object CMakeFiles/cmTC_6ad54.dir/CheckFunctionExists.c.o
/usr/bin/cc   -DCHECK_FUNCTION_EXISTS=pthread_create   -o CMakeFiles/cmTC_6ad54.dir/CheckFunctionExists.c.o   -c /usr/share/cmake-3.10/Modules/CheckFunctionExists.c
Linking C executable cmTC_6ad54
/usr/bin/cmake -E cmake_link_script CMakeFiles/cmTC_6ad54.dir/link.txt --verbose=1
/usr/bin/cc  -DCHECK_FUNCTION_EXISTS=pthread_create    -rdynamic CMakeFiles/cmTC_6ad54.dir/CheckFunctionExists.c.o  -o cmTC_6ad54 -lpthreads 
/usr/bin/ld: cannot find -lpthreads
collect2: error: ld returned 1 exit status
CMakeFiles/cmTC_6ad54.dir/build.make:97: recipe for target 'cmTC_6ad54' failed
make[2]: *** [cmTC_6ad54] Error 1
make[2]: Leaving directory '/home/root07/Documents/Masters/AutoFac/robogen/build/CMakeFiles/CMakeTmp'
Makefile:126: recipe for target 'cmTC_6ad54/fast' failed
make[1]: *** [cmTC_6ad54/fast] Error 2
make[1]: Leaving directory '/home/root07/Documents/Masters/AutoFac/robogen/build/CMakeFiles/CMakeTmp'


Determining if the pthread_create exist failed with the following output:
Change Dir: /home/root07/Documents/Masters/AutoFac/robogen/build/CMakeFiles/CMakeTmp

Run Build Command:"/usr/bin/make" "cmTC_b861f/fast"
make[1]: Entering directory '/home/root07/Documents/Masters/AutoFac/robogen/build/CMakeFiles/CMakeTmp'
/usr/bin/make -f CMakeFiles/cmTC_b861f.dir/build.make CMakeFiles/cmTC_b861f.dir/build
make[2]: Entering directory '/home/root07/Documents/Masters/AutoFac/robogen/build/CMakeFiles/CMakeTmp'
Building C object CMakeFiles/cmTC_b861f.dir/CheckSymbolExists.c.o
/usr/bin/cc    -o CMakeFiles/cmTC_b861f.dir/CheckSymbolExists.c.o   -c /home/root07/Documents/Masters/AutoFac/robogen/build/CMakeFiles/CMakeTmp/CheckSymbolExists.c
Linking C executable cmTC_b861f
/usr/bin/cmake -E cmake_link_script CMakeFiles/cmTC_b861f.dir/link.txt --verbose=1
/usr/bin/cc      -rdynamic CMakeFiles/cmTC_b861f.dir/CheckSymbolExists.c.o  -o cmTC_b861f 
CMakeFiles/cmTC_b861f.dir/CheckSymbolExists.c.o: In function `main':
CheckSymbolExists.c:(.text+0x1b): undefined reference to `pthread_create'
collect2: error: ld returned 1 exit status
CMakeFiles/cmTC_b861f.dir/build.make:97: recipe for target 'cmTC_b861f' failed
make[2]: *** [cmTC_b861f] Error 1
make[2]: Leaving directory '/home/root07/Documents/Masters/AutoFac/robogen/build/CMakeFiles/CMakeTmp'
Makefile:126: recipe for target 'cmTC_b861f/fast' failed
make[1]: *** [cmTC_b861f/fast] Error 2
make[1]: Leaving directory '/home/root07/Documents/Masters/AutoFac/robogen/build/CMakeFiles/CMakeTmp'

File /home/root07/Documents/Masters/AutoFac/robogen/build/CMakeFiles/CMakeTmp/CheckSymbolExists.c:
/* */
#include <pthread.h>

int main(int argc, char** argv)
{
  (void)argv;
#ifndef pthread_create
  return ((int*)(&pthread_create))[argc];
#else
  (void)argc;
  return 0;
#endif
}

Determining if the function pthread_create exists in the pthreads failed with the following output:
Change Dir: /home/root07/Documents/Masters/AutoFac/robogen/build/CMakeFiles/CMakeTmp

Run Build Command:"/usr/bin/make" "cmTC_56672/fast"
make[1]: Entering directory '/home/root07/Documents/Masters/AutoFac/robogen/build/CMakeFiles/CMakeTmp'
/usr/bin/make -f CMakeFiles/cmTC_56672.dir/build.make CMakeFiles/cmTC_56672.dir/build
make[2]: Entering directory '/home/root07/Documents/Masters/AutoFac/robogen/build/CMakeFiles/CMakeTmp'
Building C object CMakeFiles/cmTC_56672.dir/CheckFunctionExists.c.o
/usr/bin/cc   -DCHECK_FUNCTION_EXISTS=pthread_create   -o CMakeFiles/cmTC_56672.dir/CheckFunctionExists.c.o   -c /usr/share/cmake-3.10/Modules/CheckFunctionExists.c
Linking C executable cmTC_56672
/usr/bin/cmake -E cmake_link_script CMakeFiles/cmTC_56672.dir/link.txt --verbose=1
/usr/bin/cc  -DCHECK_FUNCTION_EXISTS=pthread_create    -rdynamic CMakeFiles/cmTC_56672.dir/CheckFunctionExists.c.o  -o cmTC_56672 -lpthreads 
/usr/bin/ld: cannot find -lpthreads
collect2: error: ld returned 1 exit status
CMakeFiles/cmTC_56672.dir/build.make:97: recipe for target 'cmTC_56672' failed
make[2]: *** [cmTC_56672] Error 1
make[2]: Leaving directory '/home/root07/Documents/Masters/AutoFac/robogen/build/CMakeFiles/CMakeTmp'
Makefile:126: recipe for target 'cmTC_56672/fast' failed
make[1]: *** [cmTC_56672/fast] Error 2
make[1]: Leaving directory '/home/root07/Documents/Masters/AutoFac/robogen/build/CMakeFiles/CMakeTmp'


Determining if the pthread_create exist failed with the following output:
Change Dir: /home/root07/Documents/Masters/AutoFac/robogen/build/CMakeFiles/CMakeTmp

Run Build Command:"/usr/bin/make" "cmTC_f0554/fast"
make[1]: Entering directory '/home/root07/Documents/Masters/AutoFac/robogen/build/CMakeFiles/CMakeTmp'
/usr/bin/make -f CMakeFiles/cmTC_f0554.dir/build.make CMakeFiles/cmTC_f0554.dir/build
make[2]: Entering directory '/home/root07/Documents/Masters/AutoFac/robogen/build/CMakeFiles/CMakeTmp'
Building C object CMakeFiles/cmTC_f0554.dir/CheckSymbolExists.c.o
/usr/bin/cc    -o CMakeFiles/cmTC_f0554.dir/CheckSymbolExists.c.o   -c /home/root07/Documents/Masters/AutoFac/robogen/build/CMakeFiles/CMakeTmp/CheckSymbolExists.c
Linking C executable cmTC_f0554
/usr/bin/cmake -E cmake_link_script CMakeFiles/cmTC_f0554.dir/link.txt --verbose=1
/usr/bin/cc      -rdynamic CMakeFiles/cmTC_f0554.dir/CheckSymbolExists.c.o  -o cmTC_f0554 
CMakeFiles/cmTC_f0554.dir/CheckSymbolExists.c.o: In function `main':
CheckSymbolExists.c:(.text+0x1b): undefined reference to `pthread_create'
collect2: error: ld returned 1 exit status
CMakeFiles/cmTC_f0554.dir/build.make:97: recipe for target 'cmTC_f0554' failed
make[2]: *** [cmTC_f0554] Error 1
make[2]: Leaving directory '/home/root07/Documents/Masters/AutoFac/robogen/build/CMakeFiles/CMakeTmp'
Makefile:126: recipe for target 'cmTC_f0554/fast' failed
make[1]: *** [cmTC_f0554/fast] Error 2
make[1]: Leaving directory '/home/root07/Documents/Masters/AutoFac/robogen/build/CMakeFiles/CMakeTmp'

File /home/root07/Documents/Masters/AutoFac/robogen/build/CMakeFiles/CMakeTmp/CheckSymbolExists.c:
/* */
#include <pthread.h>

int main(int argc, char** argv)
{
  (void)argv;
#ifndef pthread_create
  return ((int*)(&pthread_create))[argc];
#else
  (void)argc;
  return 0;
#endif
}

Determining if the function pthread_create exists in the pthreads failed with the following output:
Change Dir: /home/root07/Documents/Masters/AutoFac/robogen/build/CMakeFiles/CMakeTmp

Run Build Command:"/usr/bin/make" "cmTC_9b284/fast"
make[1]: Entering directory '/home/root07/Documents/Masters/AutoFac/robogen/build/CMakeFiles/CMakeTmp'
/usr/bin/make -f CMakeFiles/cmTC_9b284.dir/build.make CMakeFiles/cmTC_9b284.dir/build
make[2]: Entering directory '/home/root07/Documents/Masters/AutoFac/robogen/build/CMakeFiles/CMakeTmp'
Building C object CMakeFiles/cmTC_9b284.dir/CheckFunctionExists.c.o
/usr/bin/cc   -DCHECK_FUNCTION_EXISTS=pthread_create   -o CMakeFiles/cmTC_9b284.dir/CheckFunctionExists.c.o   -c /usr/share/cmake-3.10/Modules/CheckFunctionExists.c
Linking C executable cmTC_9b284
/usr/bin/cmake -E cmake_link_script CMakeFiles/cmTC_9b284.dir/link.txt --verbose=1
/usr/bin/cc  -DCHECK_FUNCTION_EXISTS=pthread_create    -rdynamic CMakeFiles/cmTC_9b284.dir/CheckFunctionExists.c.o  -o cmTC_9b284 -lpthreads 
/usr/bin/ld: cannot find -lpthreads
collect2: error: ld returned 1 exit status
CMakeFiles/cmTC_9b284.dir/build.make:97: recipe for target 'cmTC_9b284' failed
make[2]: *** [cmTC_9b284] Error 1
make[2]: Leaving directory '/home/root07/Documents/Masters/AutoFac/robogen/build/CMakeFiles/CMakeTmp'
Makefile:126: recipe for target 'cmTC_9b284/fast' failed
make[1]: *** [cmTC_9b284/fast] Error 2
make[1]: Leaving directory '/home/root07/Documents/Masters/AutoFac/robogen/build/CMakeFiles/CMakeTmp'


Determining if the pthread_create exist failed with the following output:
Change Dir: /home/root07/Documents/Masters/AutoFac/robogen/build/CMakeFiles/CMakeTmp

Run Build Command:"/usr/bin/make" "cmTC_96277/fast"
make[1]: Entering directory '/home/root07/Documents/Masters/AutoFac/robogen/build/CMakeFiles/CMakeTmp'
/usr/bin/make -f CMakeFiles/cmTC_96277.dir/build.make CMakeFiles/cmTC_96277.dir/build
make[2]: Entering directory '/home/root07/Documents/Masters/AutoFac/robogen/build/CMakeFiles/CMakeTmp'
Building C object CMakeFiles/cmTC_96277.dir/CheckSymbolExists.c.o
/usr/bin/cc    -o CMakeFiles/cmTC_96277.dir/CheckSymbolExists.c.o   -c /home/root07/Documents/Masters/AutoFac/robogen/build/CMakeFiles/CMakeTmp/CheckSymbolExists.c
Linking C executable cmTC_96277
/usr/bin/cmake -E cmake_link_script CMakeFiles/cmTC_96277.dir/link.txt --verbose=1
/usr/bin/cc      -rdynamic CMakeFiles/cmTC_96277.dir/CheckSymbolExists.c.o  -o cmTC_96277 
CMakeFiles/cmTC_96277.dir/CheckSymbolExists.c.o: In function `main':
CheckSymbolExists.c:(.text+0x1b): undefined reference to `pthread_create'
collect2: error: ld returned 1 exit status
CMakeFiles/cmTC_96277.dir/build.make:97: recipe for target 'cmTC_96277' failed
make[2]: *** [cmTC_96277] Error 1
make[2]: Leaving directory '/home/root07/Documents/Masters/AutoFac/robogen/build/CMakeFiles/CMakeTmp'
Makefile:126: recipe for target 'cmTC_96277/fast' failed
make[1]: *** [cmTC_96277/fast] Error 2
make[1]: Leaving directory '/home/root07/Documents/Masters/AutoFac/robogen/build/CMakeFiles/CMakeTmp'

File /home/root07/Documents/Masters/AutoFac/robogen/build/CMakeFiles/CMakeTmp/CheckSymbolExists.c:
/* */
#include <pthread.h>

int main(int argc, char** argv)
{
  (void)argv;
#ifndef pthread_create
  return ((int*)(&pthread_create))[argc];
#else
  (void)argc;
  return 0;
#endif
}

Determining if the function pthread_create exists in the pthreads failed with the following output:
Change Dir: /home/root07/Documents/Masters/AutoFac/robogen/build/CMakeFiles/CMakeTmp

Run Build Command:"/usr/bin/make" "cmTC_a7418/fast"
make[1]: Entering directory '/home/root07/Documents/Masters/AutoFac/robogen/build/CMakeFiles/CMakeTmp'
/usr/bin/make -f CMakeFiles/cmTC_a7418.dir/build.make CMakeFiles/cmTC_a7418.dir/build
make[2]: Entering directory '/home/root07/Documents/Masters/AutoFac/robogen/build/CMakeFiles/CMakeTmp'
Building C object CMakeFiles/cmTC_a7418.dir/CheckFunctionExists.c.o
/usr/bin/cc   -DCHECK_FUNCTION_EXISTS=pthread_create   -o CMakeFiles/cmTC_a7418.dir/CheckFunctionExists.c.o   -c /usr/share/cmake-3.10/Modules/CheckFunctionExists.c
Linking C executable cmTC_a7418
/usr/bin/cmake -E cmake_link_script CMakeFiles/cmTC_a7418.dir/link.txt --verbose=1
/usr/bin/cc  -DCHECK_FUNCTION_EXISTS=pthread_create    -rdynamic CMakeFiles/cmTC_a7418.dir/CheckFunctionExists.c.o  -o cmTC_a7418 -lpthreads 
/usr/bin/ld: cannot find -lpthreads
collect2: error: ld returned 1 exit status
CMakeFiles/cmTC_a7418.dir/build.make:97: recipe for target 'cmTC_a7418' failed
make[2]: *** [cmTC_a7418] Error 1
make[2]: Leaving directory '/home/root07/Documents/Masters/AutoFac/robogen/build/CMakeFiles/CMakeTmp'
Makefile:126: recipe for target 'cmTC_a7418/fast' failed
make[1]: *** [cmTC_a7418/fast] Error 2
make[1]: Leaving directory '/home/root07/Documents/Masters/AutoFac/robogen/build/CMakeFiles/CMakeTmp'


Determining if the pthread_create exist failed with the following output:
Change Dir: /home/root07/Documents/Masters/AutoFac/robogen/build/CMakeFiles/CMakeTmp

Run Build Command:"/usr/bin/make" "cmTC_5ba11/fast"
make[1]: Entering directory '/home/root07/Documents/Masters/AutoFac/robogen/build/CMakeFiles/CMakeTmp'
/usr/bin/make -f CMakeFiles/cmTC_5ba11.dir/build.make CMakeFiles/cmTC_5ba11.dir/build
make[2]: Entering directory '/home/root07/Documents/Masters/AutoFac/robogen/build/CMakeFiles/CMakeTmp'
Building C object CMakeFiles/cmTC_5ba11.dir/CheckSymbolExists.c.o
/usr/bin/cc    -o CMakeFiles/cmTC_5ba11.dir/CheckSymbolExists.c.o   -c /home/root07/Documents/Masters/AutoFac/robogen/build/CMakeFiles/CMakeTmp/CheckSymbolExists.c
Linking C executable cmTC_5ba11
/usr/bin/cmake -E cmake_link_script CMakeFiles/cmTC_5ba11.dir/link.txt --verbose=1
/usr/bin/cc      -rdynamic CMakeFiles/cmTC_5ba11.dir/CheckSymbolExists.c.o  -o cmTC_5ba11 
CMakeFiles/cmTC_5ba11.dir/CheckSymbolExists.c.o: In function `main':
CheckSymbolExists.c:(.text+0x1b): undefined reference to `pthread_create'
collect2: error: ld returned 1 exit status
CMakeFiles/cmTC_5ba11.dir/build.make:97: recipe for target 'cmTC_5ba11' failed
make[2]: *** [cmTC_5ba11] Error 1
make[2]: Leaving directory '/home/root07/Documents/Masters/AutoFac/robogen/build/CMakeFiles/CMakeTmp'
Makefile:126: recipe for target 'cmTC_5ba11/fast' failed
make[1]: *** [cmTC_5ba11/fast] Error 2
make[1]: Leaving directory '/home/root07/Documents/Masters/AutoFac/robogen/build/CMakeFiles/CMakeTmp'

File /home/root07/Documents/Masters/AutoFac/robogen/build/CMakeFiles/CMakeTmp/CheckSymbolExists.c:
/* */
#include <pthread.h>

int main(int argc, char** argv)
{
  (void)argv;
#ifndef pthread_create
  return ((int*)(&pthread_create))[argc];
#else
  (void)argc;
  return 0;
#endif
}

Determining if the function pthread_create exists in the pthreads failed with the following output:
Change Dir: /home/root07/Documents/Masters/AutoFac/robogen/build/CMakeFiles/CMakeTmp

Run Build Command:"/usr/bin/make" "cmTC_0316f/fast"
make[1]: Entering directory '/home/root07/Documents/Masters/AutoFac/robogen/build/CMakeFiles/CMakeTmp'
/usr/bin/make -f CMakeFiles/cmTC_0316f.dir/build.make CMakeFiles/cmTC_0316f.dir/build
make[2]: Entering directory '/home/root07/Documents/Masters/AutoFac/robogen/build/CMakeFiles/CMakeTmp'
Building C object CMakeFiles/cmTC_0316f.dir/CheckFunctionExists.c.o
/usr/bin/cc   -DCHECK_FUNCTION_EXISTS=pthread_create   -o CMakeFiles/cmTC_0316f.dir/CheckFunctionExists.c.o   -c /usr/share/cmake-3.10/Modules/CheckFunctionExists.c
Linking C executable cmTC_0316f
/usr/bin/cmake -E cmake_link_script CMakeFiles/cmTC_0316f.dir/link.txt --verbose=1
/usr/bin/cc  -DCHECK_FUNCTION_EXISTS=pthread_create    -rdynamic CMakeFiles/cmTC_0316f.dir/CheckFunctionExists.c.o  -o cmTC_0316f -lpthreads 
/usr/bin/ld: cannot find -lpthreads
collect2: error: ld returned 1 exit status
CMakeFiles/cmTC_0316f.dir/build.make:97: recipe for target 'cmTC_0316f' failed
make[2]: *** [cmTC_0316f] Error 1
make[2]: Leaving directory '/home/root07/Documents/Masters/AutoFac/robogen/build/CMakeFiles/CMakeTmp'
Makefile:126: recipe for target 'cmTC_0316f/fast' failed
make[1]: *** [cmTC_0316f/fast] Error 2
make[1]: Leaving directory '/home/root07/Documents/Masters/AutoFac/robogen/build/CMakeFiles/CMakeTmp'


Determining if the pthread_create exist failed with the following output:
Change Dir: /home/root07/Documents/Masters/AutoFac/robogen/build/CMakeFiles/CMakeTmp

Run Build Command:"/usr/bin/make" "cmTC_343b5/fast"
make[1]: Entering directory '/home/root07/Documents/Masters/AutoFac/robogen/build/CMakeFiles/CMakeTmp'
/usr/bin/make -f CMakeFiles/cmTC_343b5.dir/build.make CMakeFiles/cmTC_343b5.dir/build
make[2]: Entering directory '/home/root07/Documents/Masters/AutoFac/robogen/build/CMakeFiles/CMakeTmp'
Building C object CMakeFiles/cmTC_343b5.dir/CheckSymbolExists.c.o
/usr/bin/cc    -o CMakeFiles/cmTC_343b5.dir/CheckSymbolExists.c.o   -c /home/root07/Documents/Masters/AutoFac/robogen/build/CMakeFiles/CMakeTmp/CheckSymbolExists.c
Linking C executable cmTC_343b5
/usr/bin/cmake -E cmake_link_script CMakeFiles/cmTC_343b5.dir/link.txt --verbose=1
/usr/bin/cc      -rdynamic CMakeFiles/cmTC_343b5.dir/CheckSymbolExists.c.o  -o cmTC_343b5 
CMakeFiles/cmTC_343b5.dir/CheckSymbolExists.c.o: In function `main':
CheckSymbolExists.c:(.text+0x1b): undefined reference to `pthread_create'
collect2: error: ld returned 1 exit status
CMakeFiles/cmTC_343b5.dir/build.make:97: recipe for target 'cmTC_343b5' failed
make[2]: *** [cmTC_343b5] Error 1
make[2]: Leaving directory '/home/root07/Documents/Masters/AutoFac/robogen/build/CMakeFiles/CMakeTmp'
Makefile:126: recipe for target 'cmTC_343b5/fast' failed
make[1]: *** [cmTC_343b5/fast] Error 2
make[1]: Leaving directory '/home/root07/Documents/Masters/AutoFac/robogen/build/CMakeFiles/CMakeTmp'

File /home/root07/Documents/Masters/AutoFac/robogen/build/CMakeFiles/CMakeTmp/CheckSymbolExists.c:
/* */
#include <pthread.h>

int main(int argc, char** argv)
{
  (void)argv;
#ifndef pthread_create
  return ((int*)(&pthread_create))[argc];
#else
  (void)argc;
  return 0;
#endif
}

Determining if the function pthread_create exists in the pthreads failed with the following output:
Change Dir: /home/root07/Documents/Masters/AutoFac/robogen/build/CMakeFiles/CMakeTmp

Run Build Command:"/usr/bin/make" "cmTC_2c74d/fast"
make[1]: Entering directory '/home/root07/Documents/Masters/AutoFac/robogen/build/CMakeFiles/CMakeTmp'
/usr/bin/make -f CMakeFiles/cmTC_2c74d.dir/build.make CMakeFiles/cmTC_2c74d.dir/build
make[2]: Entering directory '/home/root07/Documents/Masters/AutoFac/robogen/build/CMakeFiles/CMakeTmp'
Building C object CMakeFiles/cmTC_2c74d.dir/CheckFunctionExists.c.o
/usr/bin/cc   -DCHECK_FUNCTION_EXISTS=pthread_create   -o CMakeFiles/cmTC_2c74d.dir/CheckFunctionExists.c.o   -c /usr/share/cmake-3.10/Modules/CheckFunctionExists.c
Linking C executable cmTC_2c74d
/usr/bin/cmake -E cmake_link_script CMakeFiles/cmTC_2c74d.dir/link.txt --verbose=1
/usr/bin/cc  -DCHECK_FUNCTION_EXISTS=pthread_create    -rdynamic CMakeFiles/cmTC_2c74d.dir/CheckFunctionExists.c.o  -o cmTC_2c74d -lpthreads 
/usr/bin/ld: cannot find -lpthreads
collect2: error: ld returned 1 exit status
CMakeFiles/cmTC_2c74d.dir/build.make:97: recipe for target 'cmTC_2c74d' failed
make[2]: *** [cmTC_2c74d] Error 1
make[2]: Leaving directory '/home/root07/Documents/Masters/AutoFac/robogen/build/CMakeFiles/CMakeTmp'
Makefile:126: recipe for target 'cmTC_2c74d/fast' failed
make[1]: *** [cmTC_2c74d/fast] Error 2
make[1]: Leaving directory '/home/root07/Documents/Masters/AutoFac/robogen/build/CMakeFiles/CMakeTmp'


Determining if the pthread_create exist failed with the following output:
Change Dir: /home/root07/Documents/Masters/AutoFac/robogen/build/CMakeFiles/CMakeTmp

Run Build Command:"/usr/bin/make" "cmTC_cafb0/fast"
make[1]: Entering directory '/home/root07/Documents/Masters/AutoFac/robogen/build/CMakeFiles/CMakeTmp'
/usr/bin/make -f CMakeFiles/cmTC_cafb0.dir/build.make CMakeFiles/cmTC_cafb0.dir/build
make[2]: Entering directory '/home/root07/Documents/Masters/AutoFac/robogen/build/CMakeFiles/CMakeTmp'
Building C object CMakeFiles/cmTC_cafb0.dir/CheckSymbolExists.c.o
/usr/bin/cc    -o CMakeFiles/cmTC_cafb0.dir/CheckSymbolExists.c.o   -c /home/root07/Documents/Masters/AutoFac/robogen/build/CMakeFiles/CMakeTmp/CheckSymbolExists.c
Linking C executable cmTC_cafb0
/usr/bin/cmake -E cmake_link_script CMakeFiles/cmTC_cafb0.dir/link.txt --verbose=1
/usr/bin/cc      -rdynamic CMakeFiles/cmTC_cafb0.dir/CheckSymbolExists.c.o  -o cmTC_cafb0 
CMakeFiles/cmTC_cafb0.dir/CheckSymbolExists.c.o: In function `main':
CheckSymbolExists.c:(.text+0x1b): undefined reference to `pthread_create'
collect2: error: ld returned 1 exit status
CMakeFiles/cmTC_cafb0.dir/build.make:97: recipe for target 'cmTC_cafb0' failed
make[2]: *** [cmTC_cafb0] Error 1
make[2]: Leaving directory '/home/root07/Documents/Masters/AutoFac/robogen/build/CMakeFiles/CMakeTmp'
Makefile:126: recipe for target 'cmTC_cafb0/fast' failed
make[1]: *** [cmTC_cafb0/fast] Error 2
make[1]: Leaving directory '/home/root07/Documents/Masters/AutoFac/robogen/build/CMakeFiles/CMakeTmp'

File /home/root07/Documents/Masters/AutoFac/robogen/build/CMakeFiles/CMakeTmp/CheckSymbolExists.c:
/* */
#include <pthread.h>

int main(int argc, char** argv)
{
  (void)argv;
#ifndef pthread_create
  return ((int*)(&pthread_create))[argc];
#else
  (void)argc;
  return 0;
#endif
}

Determining if the function pthread_create exists in the pthreads failed with the following output:
Change Dir: /home/root07/Documents/Masters/AutoFac/robogen/build/CMakeFiles/CMakeTmp

Run Build Command:"/usr/bin/make" "cmTC_20315/fast"
make[1]: Entering directory '/home/root07/Documents/Masters/AutoFac/robogen/build/CMakeFiles/CMakeTmp'
/usr/bin/make -f CMakeFiles/cmTC_20315.dir/build.make CMakeFiles/cmTC_20315.dir/build
make[2]: Entering directory '/home/root07/Documents/Masters/AutoFac/robogen/build/CMakeFiles/CMakeTmp'
Building C object CMakeFiles/cmTC_20315.dir/CheckFunctionExists.c.o
/usr/bin/cc   -DCHECK_FUNCTION_EXISTS=pthread_create   -o CMakeFiles/cmTC_20315.dir/CheckFunctionExists.c.o   -c /usr/share/cmake-3.10/Modules/CheckFunctionExists.c
Linking C executable cmTC_20315
/usr/bin/cmake -E cmake_link_script CMakeFiles/cmTC_20315.dir/link.txt --verbose=1
/usr/bin/cc  -DCHECK_FUNCTION_EXISTS=pthread_create    -rdynamic CMakeFiles/cmTC_20315.dir/CheckFunctionExists.c.o  -o cmTC_20315 -lpthreads 
/usr/bin/ld: cannot find -lpthreads
collect2: error: ld returned 1 exit status
CMakeFiles/cmTC_20315.dir/build.make:97: recipe for target 'cmTC_20315' failed
make[2]: *** [cmTC_20315] Error 1
make[2]: Leaving directory '/home/root07/Documents/Masters/AutoFac/robogen/build/CMakeFiles/CMakeTmp'
Makefile:126: recipe for target 'cmTC_20315/fast' failed
make[1]: *** [cmTC_20315/fast] Error 2
make[1]: Leaving directory '/home/root07/Documents/Masters/AutoFac/robogen/build/CMakeFiles/CMakeTmp'


Determining if the pthread_create exist failed with the following output:
Change Dir: /home/root07/Documents/Masters/AutoFac/robogen/build/CMakeFiles/CMakeTmp

Run Build Command:"/usr/bin/make" "cmTC_0bb9d/fast"
make[1]: Entering directory '/home/root07/Documents/Masters/AutoFac/robogen/build/CMakeFiles/CMakeTmp'
/usr/bin/make -f CMakeFiles/cmTC_0bb9d.dir/build.make CMakeFiles/cmTC_0bb9d.dir/build
make[2]: Entering directory '/home/root07/Documents/Masters/AutoFac/robogen/build/CMakeFiles/CMakeTmp'
Building C object CMakeFiles/cmTC_0bb9d.dir/CheckSymbolExists.c.o
/usr/bin/cc    -o CMakeFiles/cmTC_0bb9d.dir/CheckSymbolExists.c.o   -c /home/root07/Documents/Masters/AutoFac/robogen/build/CMakeFiles/CMakeTmp/CheckSymbolExists.c
Linking C executable cmTC_0bb9d
/usr/bin/cmake -E cmake_link_script CMakeFiles/cmTC_0bb9d.dir/link.txt --verbose=1
/usr/bin/cc      -rdynamic CMakeFiles/cmTC_0bb9d.dir/CheckSymbolExists.c.o  -o cmTC_0bb9d 
CMakeFiles/cmTC_0bb9d.dir/CheckSymbolExists.c.o: In function `main':
CheckSymbolExists.c:(.text+0x1b): undefined reference to `pthread_create'
collect2: error: ld returned 1 exit status
CMakeFiles/cmTC_0bb9d.dir/build.make:97: recipe for target 'cmTC_0bb9d' failed
make[2]: *** [cmTC_0bb9d] Error 1
make[2]: Leaving directory '/home/root07/Documents/Masters/AutoFac/robogen/build/CMakeFiles/CMakeTmp'
Makefile:126: recipe for target 'cmTC_0bb9d/fast' failed
make[1]: *** [cmTC_0bb9d/fast] Error 2
make[1]: Leaving directory '/home/root07/Documents/Masters/AutoFac/robogen/build/CMakeFiles/CMakeTmp'

File /home/root07/Documents/Masters/AutoFac/robogen/build/CMakeFiles/CMakeTmp/CheckSymbolExists.c:
/* */
#include <pthread.h>

int main(int argc, char** argv)
{
  (void)argv;
#ifndef pthread_create
  return ((int*)(&pthread_create))[argc];
#else
  (void)argc;
  return 0;
#endif
}

Determining if the function pthread_create exists in the pthreads failed with the following output:
Change Dir: /home/root07/Documents/Masters/AutoFac/robogen/build/CMakeFiles/CMakeTmp

Run Build Command:"/usr/bin/make" "cmTC_558d8/fast"
make[1]: Entering directory '/home/root07/Documents/Masters/AutoFac/robogen/build/CMakeFiles/CMakeTmp'
/usr/bin/make -f CMakeFiles/cmTC_558d8.dir/build.make CMakeFiles/cmTC_558d8.dir/build
make[2]: Entering directory '/home/root07/Documents/Masters/AutoFac/robogen/build/CMakeFiles/CMakeTmp'
Building C object CMakeFiles/cmTC_558d8.dir/CheckFunctionExists.c.o
/usr/bin/cc   -DCHECK_FUNCTION_EXISTS=pthread_create   -o CMakeFiles/cmTC_558d8.dir/CheckFunctionExists.c.o   -c /usr/share/cmake-3.10/Modules/CheckFunctionExists.c
Linking C executable cmTC_558d8
/usr/bin/cmake -E cmake_link_script CMakeFiles/cmTC_558d8.dir/link.txt --verbose=1
/usr/bin/cc  -DCHECK_FUNCTION_EXISTS=pthread_create    -rdynamic CMakeFiles/cmTC_558d8.dir/CheckFunctionExists.c.o  -o cmTC_558d8 -lpthreads 
/usr/bin/ld: cannot find -lpthreads
collect2: error: ld returned 1 exit status
CMakeFiles/cmTC_558d8.dir/build.make:97: recipe for target 'cmTC_558d8' failed
make[2]: *** [cmTC_558d8] Error 1
make[2]: Leaving directory '/home/root07/Documents/Masters/AutoFac/robogen/build/CMakeFiles/CMakeTmp'
Makefile:126: recipe for target 'cmTC_558d8/fast' failed
make[1]: *** [cmTC_558d8/fast] Error 2
make[1]: Leaving directory '/home/root07/Documents/Masters/AutoFac/robogen/build/CMakeFiles/CMakeTmp'


Determining if the pthread_create exist failed with the following output:
Change Dir: /home/root07/Documents/Masters/AutoFac/robogen/build/CMakeFiles/CMakeTmp

Run Build Command:"/usr/bin/make" "cmTC_11496/fast"
make[1]: Entering directory '/home/root07/Documents/Masters/AutoFac/robogen/build/CMakeFiles/CMakeTmp'
/usr/bin/make -f CMakeFiles/cmTC_11496.dir/build.make CMakeFiles/cmTC_11496.dir/build
make[2]: Entering directory '/home/root07/Documents/Masters/AutoFac/robogen/build/CMakeFiles/CMakeTmp'
Building C object CMakeFiles/cmTC_11496.dir/CheckSymbolExists.c.o
/usr/bin/cc    -o CMakeFiles/cmTC_11496.dir/CheckSymbolExists.c.o   -c /home/root07/Documents/Masters/AutoFac/robogen/build/CMakeFiles/CMakeTmp/CheckSymbolExists.c
Linking C executable cmTC_11496
/usr/bin/cmake -E cmake_link_script CMakeFiles/cmTC_11496.dir/link.txt --verbose=1
/usr/bin/cc      -rdynamic CMakeFiles/cmTC_11496.dir/CheckSymbolExists.c.o  -o cmTC_11496 
CMakeFiles/cmTC_11496.dir/CheckSymbolExists.c.o: In function `main':
CheckSymbolExists.c:(.text+0x1b): undefined reference to `pthread_create'
collect2: error: ld returned 1 exit status
CMakeFiles/cmTC_11496.dir/build.make:97: recipe for target 'cmTC_11496' failed
make[2]: *** [cmTC_11496] Error 1
make[2]: Leaving directory '/home/root07/Documents/Masters/AutoFac/robogen/build/CMakeFiles/CMakeTmp'
Makefile:126: recipe for target 'cmTC_11496/fast' failed
make[1]: *** [cmTC_11496/fast] Error 2
make[1]: Leaving directory '/home/root07/Documents/Masters/AutoFac/robogen/build/CMakeFiles/CMakeTmp'

File /home/root07/Documents/Masters/AutoFac/robogen/build/CMakeFiles/CMakeTmp/CheckSymbolExists.c:
/* */
#include <pthread.h>

int main(int argc, char** argv)
{
  (void)argv;
#ifndef pthread_create
  return ((int*)(&pthread_create))[argc];
#else
  (void)argc;
  return 0;
#endif
}

Determining if the function pthread_create exists in the pthreads failed with the following output:
Change Dir: /home/root07/Documents/Masters/AutoFac/robogen/build/CMakeFiles/CMakeTmp

Run Build Command:"/usr/bin/make" "cmTC_39dfa/fast"
make[1]: Entering directory '/home/root07/Documents/Masters/AutoFac/robogen/build/CMakeFiles/CMakeTmp'
/usr/bin/make -f CMakeFiles/cmTC_39dfa.dir/build.make CMakeFiles/cmTC_39dfa.dir/build
make[2]: Entering directory '/home/root07/Documents/Masters/AutoFac/robogen/build/CMakeFiles/CMakeTmp'
Building C object CMakeFiles/cmTC_39dfa.dir/CheckFunctionExists.c.o
/usr/bin/cc   -DCHECK_FUNCTION_EXISTS=pthread_create   -o CMakeFiles/cmTC_39dfa.dir/CheckFunctionExists.c.o   -c /usr/share/cmake-3.10/Modules/CheckFunctionExists.c
Linking C executable cmTC_39dfa
/usr/bin/cmake -E cmake_link_script CMakeFiles/cmTC_39dfa.dir/link.txt --verbose=1
/usr/bin/cc  -DCHECK_FUNCTION_EXISTS=pthread_create    -rdynamic CMakeFiles/cmTC_39dfa.dir/CheckFunctionExists.c.o  -o cmTC_39dfa -lpthreads 
/usr/bin/ld: cannot find -lpthreads
collect2: error: ld returned 1 exit status
CMakeFiles/cmTC_39dfa.dir/build.make:97: recipe for target 'cmTC_39dfa' failed
make[2]: *** [cmTC_39dfa] Error 1
make[2]: Leaving directory '/home/root07/Documents/Masters/AutoFac/robogen/build/CMakeFiles/CMakeTmp'
Makefile:126: recipe for target 'cmTC_39dfa/fast' failed
make[1]: *** [cmTC_39dfa/fast] Error 2
make[1]: Leaving directory '/home/root07/Documents/Masters/AutoFac/robogen/build/CMakeFiles/CMakeTmp'


Determining if the pthread_create exist failed with the following output:
Change Dir: /home/root07/Documents/Masters/AutoFac/robogen/build/CMakeFiles/CMakeTmp

Run Build Command:"/usr/bin/make" "cmTC_5b9c1/fast"
make[1]: Entering directory '/home/root07/Documents/Masters/AutoFac/robogen/build/CMakeFiles/CMakeTmp'
/usr/bin/make -f CMakeFiles/cmTC_5b9c1.dir/build.make CMakeFiles/cmTC_5b9c1.dir/build
make[2]: Entering directory '/home/root07/Documents/Masters/AutoFac/robogen/build/CMakeFiles/CMakeTmp'
Building C object CMakeFiles/cmTC_5b9c1.dir/CheckSymbolExists.c.o
/usr/bin/cc    -o CMakeFiles/cmTC_5b9c1.dir/CheckSymbolExists.c.o   -c /home/root07/Documents/Masters/AutoFac/robogen/build/CMakeFiles/CMakeTmp/CheckSymbolExists.c
Linking C executable cmTC_5b9c1
/usr/bin/cmake -E cmake_link_script CMakeFiles/cmTC_5b9c1.dir/link.txt --verbose=1
/usr/bin/cc      -rdynamic CMakeFiles/cmTC_5b9c1.dir/CheckSymbolExists.c.o  -o cmTC_5b9c1 
CMakeFiles/cmTC_5b9c1.dir/CheckSymbolExists.c.o: In function `main':
CheckSymbolExists.c:(.text+0x1b): undefined reference to `pthread_create'
collect2: error: ld returned 1 exit status
CMakeFiles/cmTC_5b9c1.dir/build.make:97: recipe for target 'cmTC_5b9c1' failed
make[2]: *** [cmTC_5b9c1] Error 1
make[2]: Leaving directory '/home/root07/Documents/Masters/AutoFac/robogen/build/CMakeFiles/CMakeTmp'
Makefile:126: recipe for target 'cmTC_5b9c1/fast' failed
make[1]: *** [cmTC_5b9c1/fast] Error 2
make[1]: Leaving directory '/home/root07/Documents/Masters/AutoFac/robogen/build/CMakeFiles/CMakeTmp'

File /home/root07/Documents/Masters/AutoFac/robogen/build/CMakeFiles/CMakeTmp/CheckSymbolExists.c:
/* */
#include <pthread.h>

int main(int argc, char** argv)
{
  (void)argv;
#ifndef pthread_create
  return ((int*)(&pthread_create))[argc];
#else
  (void)argc;
  return 0;
#endif
}

Determining if the function pthread_create exists in the pthreads failed with the following output:
Change Dir: /home/root07/Documents/Masters/AutoFac/robogen/build/CMakeFiles/CMakeTmp

Run Build Command:"/usr/bin/make" "cmTC_20cf2/fast"
make[1]: Entering directory '/home/root07/Documents/Masters/AutoFac/robogen/build/CMakeFiles/CMakeTmp'
/usr/bin/make -f CMakeFiles/cmTC_20cf2.dir/build.make CMakeFiles/cmTC_20cf2.dir/build
make[2]: Entering directory '/home/root07/Documents/Masters/AutoFac/robogen/build/CMakeFiles/CMakeTmp'
Building C object CMakeFiles/cmTC_20cf2.dir/CheckFunctionExists.c.o
/usr/bin/cc   -DCHECK_FUNCTION_EXISTS=pthread_create   -o CMakeFiles/cmTC_20cf2.dir/CheckFunctionExists.c.o   -c /usr/share/cmake-3.10/Modules/CheckFunctionExists.c
Linking C executable cmTC_20cf2
/usr/bin/cmake -E cmake_link_script CMakeFiles/cmTC_20cf2.dir/link.txt --verbose=1
/usr/bin/cc  -DCHECK_FUNCTION_EXISTS=pthread_create    -rdynamic CMakeFiles/cmTC_20cf2.dir/CheckFunctionExists.c.o  -o cmTC_20cf2 -lpthreads 
/usr/bin/ld: cannot find -lpthreads
collect2: error: ld returned 1 exit status
CMakeFiles/cmTC_20cf2.dir/build.make:97: recipe for target 'cmTC_20cf2' failed
make[2]: *** [cmTC_20cf2] Error 1
make[2]: Leaving directory '/home/root07/Documents/Masters/AutoFac/robogen/build/CMakeFiles/CMakeTmp'
Makefile:126: recipe for target 'cmTC_20cf2/fast' failed
make[1]: *** [cmTC_20cf2/fast] Error 2
make[1]: Leaving directory '/home/root07/Documents/Masters/AutoFac/robogen/build/CMakeFiles/CMakeTmp'


Determining if the pthread_create exist failed with the following output:
Change Dir: /home/root07/Documents/Masters/AutoFac/robogen/build/CMakeFiles/CMakeTmp

Run Build Command:"/usr/bin/make" "cmTC_4c654/fast"
make[1]: Entering directory '/home/root07/Documents/Masters/AutoFac/robogen/build/CMakeFiles/CMakeTmp'
/usr/bin/make -f CMakeFiles/cmTC_4c654.dir/build.make CMakeFiles/cmTC_4c654.dir/build
make[2]: Entering directory '/home/root07/Documents/Masters/AutoFac/robogen/build/CMakeFiles/CMakeTmp'
Building C object CMakeFiles/cmTC_4c654.dir/CheckSymbolExists.c.o
/usr/bin/cc    -o CMakeFiles/cmTC_4c654.dir/CheckSymbolExists.c.o   -c /home/root07/Documents/Masters/AutoFac/robogen/build/CMakeFiles/CMakeTmp/CheckSymbolExists.c
Linking C executable cmTC_4c654
/usr/bin/cmake -E cmake_link_script CMakeFiles/cmTC_4c654.dir/link.txt --verbose=1
/usr/bin/cc      -rdynamic CMakeFiles/cmTC_4c654.dir/CheckSymbolExists.c.o  -o cmTC_4c654 
CMakeFiles/cmTC_4c654.dir/CheckSymbolExists.c.o: In function `main':
CheckSymbolExists.c:(.text+0x1b): undefined reference to `pthread_create'
collect2: error: ld returned 1 exit status
CMakeFiles/cmTC_4c654.dir/build.make:97: recipe for target 'cmTC_4c654' failed
make[2]: *** [cmTC_4c654] Error 1
make[2]: Leaving directory '/home/root07/Documents/Masters/AutoFac/robogen/build/CMakeFiles/CMakeTmp'
Makefile:126: recipe for target 'cmTC_4c654/fast' failed
make[1]: *** [cmTC_4c654/fast] Error 2
make[1]: Leaving directory '/home/root07/Documents/Masters/AutoFac/robogen/build/CMakeFiles/CMakeTmp'

File /home/root07/Documents/Masters/AutoFac/robogen/build/CMakeFiles/CMakeTmp/CheckSymbolExists.c:
/* */
#include <pthread.h>

int main(int argc, char** argv)
{
  (void)argv;
#ifndef pthread_create
  return ((int*)(&pthread_create))[argc];
#else
  (void)argc;
  return 0;
#endif
}

Determining if the function pthread_create exists in the pthreads failed with the following output:
Change Dir: /home/root07/Documents/Masters/AutoFac/robogen/build/CMakeFiles/CMakeTmp

Run Build Command:"/usr/bin/make" "cmTC_69247/fast"
make[1]: Entering directory '/home/root07/Documents/Masters/AutoFac/robogen/build/CMakeFiles/CMakeTmp'
/usr/bin/make -f CMakeFiles/cmTC_69247.dir/build.make CMakeFiles/cmTC_69247.dir/build
make[2]: Entering directory '/home/root07/Documents/Masters/AutoFac/robogen/build/CMakeFiles/CMakeTmp'
Building C object CMakeFiles/cmTC_69247.dir/CheckFunctionExists.c.o
/usr/bin/cc   -DCHECK_FUNCTION_EXISTS=pthread_create   -o CMakeFiles/cmTC_69247.dir/CheckFunctionExists.c.o   -c /usr/share/cmake-3.10/Modules/CheckFunctionExists.c
Linking C executable cmTC_69247
/usr/bin/cmake -E cmake_link_script CMakeFiles/cmTC_69247.dir/link.txt --verbose=1
/usr/bin/cc  -DCHECK_FUNCTION_EXISTS=pthread_create    -rdynamic CMakeFiles/cmTC_69247.dir/CheckFunctionExists.c.o  -o cmTC_69247 -lpthreads 
/usr/bin/ld: cannot find -lpthreads
collect2: error: ld returned 1 exit status
CMakeFiles/cmTC_69247.dir/build.make:97: recipe for target 'cmTC_69247' failed
make[2]: *** [cmTC_69247] Error 1
make[2]: Leaving directory '/home/root07/Documents/Masters/AutoFac/robogen/build/CMakeFiles/CMakeTmp'
Makefile:126: recipe for target 'cmTC_69247/fast' failed
make[1]: *** [cmTC_69247/fast] Error 2
make[1]: Leaving directory '/home/root07/Documents/Masters/AutoFac/robogen/build/CMakeFiles/CMakeTmp'


Determining if the pthread_create exist failed with the following output:
Change Dir: /home/root07/Documents/Masters/AutoFac/robogen/build/CMakeFiles/CMakeTmp

Run Build Command:"/usr/bin/make" "cmTC_17000/fast"
make[1]: Entering directory '/home/root07/Documents/Masters/AutoFac/robogen/build/CMakeFiles/CMakeTmp'
/usr/bin/make -f CMakeFiles/cmTC_17000.dir/build.make CMakeFiles/cmTC_17000.dir/build
make[2]: Entering directory '/home/root07/Documents/Masters/AutoFac/robogen/build/CMakeFiles/CMakeTmp'
Building C object CMakeFiles/cmTC_17000.dir/CheckSymbolExists.c.o
/usr/bin/cc    -o CMakeFiles/cmTC_17000.dir/CheckSymbolExists.c.o   -c /home/root07/Documents/Masters/AutoFac/robogen/build/CMakeFiles/CMakeTmp/CheckSymbolExists.c
Linking C executable cmTC_17000
/usr/bin/cmake -E cmake_link_script CMakeFiles/cmTC_17000.dir/link.txt --verbose=1
/usr/bin/cc      -rdynamic CMakeFiles/cmTC_17000.dir/CheckSymbolExists.c.o  -o cmTC_17000 
CMakeFiles/cmTC_17000.dir/CheckSymbolExists.c.o: In function `main':
CheckSymbolExists.c:(.text+0x1b): undefined reference to `pthread_create'
collect2: error: ld returned 1 exit status
CMakeFiles/cmTC_17000.dir/build.make:97: recipe for target 'cmTC_17000' failed
make[2]: *** [cmTC_17000] Error 1
make[2]: Leaving directory '/home/root07/Documents/Masters/AutoFac/robogen/build/CMakeFiles/CMakeTmp'
Makefile:126: recipe for target 'cmTC_17000/fast' failed
make[1]: *** [cmTC_17000/fast] Error 2
make[1]: Leaving directory '/home/root07/Documents/Masters/AutoFac/robogen/build/CMakeFiles/CMakeTmp'

File /home/root07/Documents/Masters/AutoFac/robogen/build/CMakeFiles/CMakeTmp/CheckSymbolExists.c:
/* */
#include <pthread.h>

int main(int argc, char** argv)
{
  (void)argv;
#ifndef pthread_create
  return ((int*)(&pthread_create))[argc];
#else
  (void)argc;
  return 0;
#endif
}

Determining if the function pthread_create exists in the pthreads failed with the following output:
Change Dir: /home/root07/Documents/Masters/AutoFac/robogen/build/CMakeFiles/CMakeTmp

Run Build Command:"/usr/bin/make" "cmTC_5cbb9/fast"
make[1]: Entering directory '/home/root07/Documents/Masters/AutoFac/robogen/build/CMakeFiles/CMakeTmp'
/usr/bin/make -f CMakeFiles/cmTC_5cbb9.dir/build.make CMakeFiles/cmTC_5cbb9.dir/build
make[2]: Entering directory '/home/root07/Documents/Masters/AutoFac/robogen/build/CMakeFiles/CMakeTmp'
Building C object CMakeFiles/cmTC_5cbb9.dir/CheckFunctionExists.c.o
/usr/bin/cc   -DCHECK_FUNCTION_EXISTS=pthread_create   -o CMakeFiles/cmTC_5cbb9.dir/CheckFunctionExists.c.o   -c /usr/share/cmake-3.10/Modules/CheckFunctionExists.c
Linking C executable cmTC_5cbb9
/usr/bin/cmake -E cmake_link_script CMakeFiles/cmTC_5cbb9.dir/link.txt --verbose=1
/usr/bin/cc  -DCHECK_FUNCTION_EXISTS=pthread_create    -rdynamic CMakeFiles/cmTC_5cbb9.dir/CheckFunctionExists.c.o  -o cmTC_5cbb9 -lpthreads 
/usr/bin/ld: cannot find -lpthreads
collect2: error: ld returned 1 exit status
CMakeFiles/cmTC_5cbb9.dir/build.make:97: recipe for target 'cmTC_5cbb9' failed
make[2]: *** [cmTC_5cbb9] Error 1
make[2]: Leaving directory '/home/root07/Documents/Masters/AutoFac/robogen/build/CMakeFiles/CMakeTmp'
Makefile:126: recipe for target 'cmTC_5cbb9/fast' failed
make[1]: *** [cmTC_5cbb9/fast] Error 2
make[1]: Leaving directory '/home/root07/Documents/Masters/AutoFac/robogen/build/CMakeFiles/CMakeTmp'


Determining if the pthread_create exist failed with the following output:
Change Dir: /home/root07/Documents/Masters/AutoFac/robogen/build/CMakeFiles/CMakeTmp

Run Build Command:"/usr/bin/make" "cmTC_c29d1/fast"
make[1]: Entering directory '/home/root07/Documents/Masters/AutoFac/robogen/build/CMakeFiles/CMakeTmp'
/usr/bin/make -f CMakeFiles/cmTC_c29d1.dir/build.make CMakeFiles/cmTC_c29d1.dir/build
make[2]: Entering directory '/home/root07/Documents/Masters/AutoFac/robogen/build/CMakeFiles/CMakeTmp'
Building C object CMakeFiles/cmTC_c29d1.dir/CheckSymbolExists.c.o
/usr/bin/cc    -o CMakeFiles/cmTC_c29d1.dir/CheckSymbolExists.c.o   -c /home/root07/Documents/Masters/AutoFac/robogen/build/CMakeFiles/CMakeTmp/CheckSymbolExists.c
Linking C executable cmTC_c29d1
/usr/bin/cmake -E cmake_link_script CMakeFiles/cmTC_c29d1.dir/link.txt --verbose=1
/usr/bin/cc      -rdynamic CMakeFiles/cmTC_c29d1.dir/CheckSymbolExists.c.o  -o cmTC_c29d1 
CMakeFiles/cmTC_c29d1.dir/CheckSymbolExists.c.o: In function `main':
CheckSymbolExists.c:(.text+0x1b): undefined reference to `pthread_create'
collect2: error: ld returned 1 exit status
CMakeFiles/cmTC_c29d1.dir/build.make:97: recipe for target 'cmTC_c29d1' failed
make[2]: *** [cmTC_c29d1] Error 1
make[2]: Leaving directory '/home/root07/Documents/Masters/AutoFac/robogen/build/CMakeFiles/CMakeTmp'
Makefile:126: recipe for target 'cmTC_c29d1/fast' failed
make[1]: *** [cmTC_c29d1/fast] Error 2
make[1]: Leaving directory '/home/root07/Documents/Masters/AutoFac/robogen/build/CMakeFiles/CMakeTmp'

File /home/root07/Documents/Masters/AutoFac/robogen/build/CMakeFiles/CMakeTmp/CheckSymbolExists.c:
/* */
#include <pthread.h>

int main(int argc, char** argv)
{
  (void)argv;
#ifndef pthread_create
  return ((int*)(&pthread_create))[argc];
#else
  (void)argc;
  return 0;
#endif
}

Determining if the function pthread_create exists in the pthreads failed with the following output:
Change Dir: /home/root07/Documents/Masters/AutoFac/robogen/build/CMakeFiles/CMakeTmp

Run Build Command:"/usr/bin/make" "cmTC_bade3/fast"
make[1]: Entering directory '/home/root07/Documents/Masters/AutoFac/robogen/build/CMakeFiles/CMakeTmp'
/usr/bin/make -f CMakeFiles/cmTC_bade3.dir/build.make CMakeFiles/cmTC_bade3.dir/build
make[2]: Entering directory '/home/root07/Documents/Masters/AutoFac/robogen/build/CMakeFiles/CMakeTmp'
Building C object CMakeFiles/cmTC_bade3.dir/CheckFunctionExists.c.o
/usr/bin/cc   -DCHECK_FUNCTION_EXISTS=pthread_create   -o CMakeFiles/cmTC_bade3.dir/CheckFunctionExists.c.o   -c /usr/share/cmake-3.10/Modules/CheckFunctionExists.c
Linking C executable cmTC_bade3
/usr/bin/cmake -E cmake_link_script CMakeFiles/cmTC_bade3.dir/link.txt --verbose=1
/usr/bin/cc  -DCHECK_FUNCTION_EXISTS=pthread_create    -rdynamic CMakeFiles/cmTC_bade3.dir/CheckFunctionExists.c.o  -o cmTC_bade3 -lpthreads 
/usr/bin/ld: cannot find -lpthreads
collect2: error: ld returned 1 exit status
CMakeFiles/cmTC_bade3.dir/build.make:97: recipe for target 'cmTC_bade3' failed
make[2]: *** [cmTC_bade3] Error 1
make[2]: Leaving directory '/home/root07/Documents/Masters/AutoFac/robogen/build/CMakeFiles/CMakeTmp'
Makefile:126: recipe for target 'cmTC_bade3/fast' failed
make[1]: *** [cmTC_bade3/fast] Error 2
make[1]: Leaving directory '/home/root07/Documents/Masters/AutoFac/robogen/build/CMakeFiles/CMakeTmp'


Determining if the pthread_create exist failed with the following output:
Change Dir: /home/root07/Documents/Masters/AutoFac/robogen/build/CMakeFiles/CMakeTmp

Run Build Command:"/usr/bin/make" "cmTC_66be9/fast"
make[1]: Entering directory '/home/root07/Documents/Masters/AutoFac/robogen/build/CMakeFiles/CMakeTmp'
/usr/bin/make -f CMakeFiles/cmTC_66be9.dir/build.make CMakeFiles/cmTC_66be9.dir/build
make[2]: Entering directory '/home/root07/Documents/Masters/AutoFac/robogen/build/CMakeFiles/CMakeTmp'
Building C object CMakeFiles/cmTC_66be9.dir/CheckSymbolExists.c.o
/usr/bin/cc    -o CMakeFiles/cmTC_66be9.dir/CheckSymbolExists.c.o   -c /home/root07/Documents/Masters/AutoFac/robogen/build/CMakeFiles/CMakeTmp/CheckSymbolExists.c
Linking C executable cmTC_66be9
/usr/bin/cmake -E cmake_link_script CMakeFiles/cmTC_66be9.dir/link.txt --verbose=1
/usr/bin/cc      -rdynamic CMakeFiles/cmTC_66be9.dir/CheckSymbolExists.c.o  -o cmTC_66be9 
CMakeFiles/cmTC_66be9.dir/CheckSymbolExists.c.o: In function `main':
CheckSymbolExists.c:(.text+0x1b): undefined reference to `pthread_create'
collect2: error: ld returned 1 exit status
CMakeFiles/cmTC_66be9.dir/build.make:97: recipe for target 'cmTC_66be9' failed
make[2]: *** [cmTC_66be9] Error 1
make[2]: Leaving directory '/home/root07/Documents/Masters/AutoFac/robogen/build/CMakeFiles/CMakeTmp'
Makefile:126: recipe for target 'cmTC_66be9/fast' failed
make[1]: *** [cmTC_66be9/fast] Error 2
make[1]: Leaving directory '/home/root07/Documents/Masters/AutoFac/robogen/build/CMakeFiles/CMakeTmp'

File /home/root07/Documents/Masters/AutoFac/robogen/build/CMakeFiles/CMakeTmp/CheckSymbolExists.c:
/* */
#include <pthread.h>

int main(int argc, char** argv)
{
  (void)argv;
#ifndef pthread_create
  return ((int*)(&pthread_create))[argc];
#else
  (void)argc;
  return 0;
#endif
}

Determining if the function pthread_create exists in the pthreads failed with the following output:
Change Dir: /home/root07/Documents/Masters/AutoFac/robogen/build/CMakeFiles/CMakeTmp

Run Build Command:"/usr/bin/make" "cmTC_407bc/fast"
make[1]: Entering directory '/home/root07/Documents/Masters/AutoFac/robogen/build/CMakeFiles/CMakeTmp'
/usr/bin/make -f CMakeFiles/cmTC_407bc.dir/build.make CMakeFiles/cmTC_407bc.dir/build
make[2]: Entering directory '/home/root07/Documents/Masters/AutoFac/robogen/build/CMakeFiles/CMakeTmp'
Building C object CMakeFiles/cmTC_407bc.dir/CheckFunctionExists.c.o
/usr/bin/cc   -DCHECK_FUNCTION_EXISTS=pthread_create   -o CMakeFiles/cmTC_407bc.dir/CheckFunctionExists.c.o   -c /usr/share/cmake-3.10/Modules/CheckFunctionExists.c
Linking C executable cmTC_407bc
/usr/bin/cmake -E cmake_link_script CMakeFiles/cmTC_407bc.dir/link.txt --verbose=1
/usr/bin/cc  -DCHECK_FUNCTION_EXISTS=pthread_create    -rdynamic CMakeFiles/cmTC_407bc.dir/CheckFunctionExists.c.o  -o cmTC_407bc -lpthreads 
/usr/bin/ld: cannot find -lpthreads
collect2: error: ld returned 1 exit status
CMakeFiles/cmTC_407bc.dir/build.make:97: recipe for target 'cmTC_407bc' failed
make[2]: *** [cmTC_407bc] Error 1
make[2]: Leaving directory '/home/root07/Documents/Masters/AutoFac/robogen/build/CMakeFiles/CMakeTmp'
Makefile:126: recipe for target 'cmTC_407bc/fast' failed
make[1]: *** [cmTC_407bc/fast] Error 2
make[1]: Leaving directory '/home/root07/Documents/Masters/AutoFac/robogen/build/CMakeFiles/CMakeTmp'


Determining if the pthread_create exist failed with the following output:
Change Dir: /home/root07/Documents/Masters/AutoFac/robogen/build/CMakeFiles/CMakeTmp

Run Build Command:"/usr/bin/make" "cmTC_e8477/fast"
make[1]: Entering directory '/home/root07/Documents/Masters/AutoFac/robogen/build/CMakeFiles/CMakeTmp'
/usr/bin/make -f CMakeFiles/cmTC_e8477.dir/build.make CMakeFiles/cmTC_e8477.dir/build
make[2]: Entering directory '/home/root07/Documents/Masters/AutoFac/robogen/build/CMakeFiles/CMakeTmp'
Building C object CMakeFiles/cmTC_e8477.dir/CheckSymbolExists.c.o
/usr/bin/cc    -o CMakeFiles/cmTC_e8477.dir/CheckSymbolExists.c.o   -c /home/root07/Documents/Masters/AutoFac/robogen/build/CMakeFiles/CMakeTmp/CheckSymbolExists.c
Linking C executable cmTC_e8477
/usr/bin/cmake -E cmake_link_script CMakeFiles/cmTC_e8477.dir/link.txt --verbose=1
/usr/bin/cc      -rdynamic CMakeFiles/cmTC_e8477.dir/CheckSymbolExists.c.o  -o cmTC_e8477 
CMakeFiles/cmTC_e8477.dir/CheckSymbolExists.c.o: In function `main':
CheckSymbolExists.c:(.text+0x1b): undefined reference to `pthread_create'
collect2: error: ld returned 1 exit status
CMakeFiles/cmTC_e8477.dir/build.make:97: recipe for target 'cmTC_e8477' failed
make[2]: *** [cmTC_e8477] Error 1
make[2]: Leaving directory '/home/root07/Documents/Masters/AutoFac/robogen/build/CMakeFiles/CMakeTmp'
Makefile:126: recipe for target 'cmTC_e8477/fast' failed
make[1]: *** [cmTC_e8477/fast] Error 2
make[1]: Leaving directory '/home/root07/Documents/Masters/AutoFac/robogen/build/CMakeFiles/CMakeTmp'

File /home/root07/Documents/Masters/AutoFac/robogen/build/CMakeFiles/CMakeTmp/CheckSymbolExists.c:
/* */
#include <pthread.h>

int main(int argc, char** argv)
{
  (void)argv;
#ifndef pthread_create
  return ((int*)(&pthread_create))[argc];
#else
  (void)argc;
  return 0;
#endif
}

Determining if the function pthread_create exists in the pthreads failed with the following output:
Change Dir: /home/root07/Documents/Masters/AutoFac/robogen/build/CMakeFiles/CMakeTmp

Run Build Command:"/usr/bin/make" "cmTC_25130/fast"
make[1]: Entering directory '/home/root07/Documents/Masters/AutoFac/robogen/build/CMakeFiles/CMakeTmp'
/usr/bin/make -f CMakeFiles/cmTC_25130.dir/build.make CMakeFiles/cmTC_25130.dir/build
make[2]: Entering directory '/home/root07/Documents/Masters/AutoFac/robogen/build/CMakeFiles/CMakeTmp'
Building C object CMakeFiles/cmTC_25130.dir/CheckFunctionExists.c.o
/usr/bin/cc   -DCHECK_FUNCTION_EXISTS=pthread_create   -o CMakeFiles/cmTC_25130.dir/CheckFunctionExists.c.o   -c /usr/share/cmake-3.10/Modules/CheckFunctionExists.c
Linking C executable cmTC_25130
/usr/bin/cmake -E cmake_link_script CMakeFiles/cmTC_25130.dir/link.txt --verbose=1
/usr/bin/cc  -DCHECK_FUNCTION_EXISTS=pthread_create    -rdynamic CMakeFiles/cmTC_25130.dir/CheckFunctionExists.c.o  -o cmTC_25130 -lpthreads 
/usr/bin/ld: cannot find -lpthreads
collect2: error: ld returned 1 exit status
CMakeFiles/cmTC_25130.dir/build.make:97: recipe for target 'cmTC_25130' failed
make[2]: *** [cmTC_25130] Error 1
make[2]: Leaving directory '/home/root07/Documents/Masters/AutoFac/robogen/build/CMakeFiles/CMakeTmp'
Makefile:126: recipe for target 'cmTC_25130/fast' failed
make[1]: *** [cmTC_25130/fast] Error 2
make[1]: Leaving directory '/home/root07/Documents/Masters/AutoFac/robogen/build/CMakeFiles/CMakeTmp'


